{"numFailedTestSuites":4,"numFailedTests":5,"numPassedTestSuites":0,"numPassedTests":1,"numPendingTestSuites":0,"numPendingTests":0,"numRuntimeErrorTestSuites":2,"numTodoTests":0,"numTotalTestSuites":4,"numTotalTests":6,"openHandles":[],"snapshot":{"added":0,"didUpdate":false,"failure":false,"filesAdded":0,"filesRemoved":0,"filesRemovedList":[],"filesUnmatched":0,"filesUpdated":0,"matched":0,"total":0,"unchecked":0,"uncheckedKeysByFile":[],"unmatched":0,"updated":0},"startTime":1783262284023,"success":false,"testResults":[{"assertionResults":[{"ancestorTitles":["UploadForm"],"duration":151,"failureDetails":[{"name":"TestingLibraryElementError"}],"failureMessages":["TestingLibraryElementError: Found a label with the text of: /Upload PDF \\*/i, however no form control was found associated to that label. Make sure you're using the \"for\" attribute or \"aria-labelledby\" attribute correctly.\n\nIgnored nodes: comments, script, style\n\u001b[36m<body>\u001b[39m\n  \u001b[36m<div>\u001b[39m\n    \u001b[36m<form\u001b[39m\n      \u001b[33mclass\u001b[39m=\u001b[32m\"new-book-wrapper\"\u001b[39m\n    \u001b[36m>\u001b[39m\n      \u001b[36m<div\u001b[39m\n        \u001b[33mclass\u001b[39m=\u001b[32m\"space-y-2\"\u001b[39m\n      \u001b[36m>\u001b[39m\n        \u001b[36m<label\u001b[39m\n          \u001b[33mclass\u001b[39m=\u001b[32m\"form-label\"\u001b[39m\n        \u001b[36m>\u001b[39m\n          \u001b[0mUpload PDF *\u001b[0m\n        \u001b[36m</label>\u001b[39m\n        \u001b[36m<div\u001b[39m\n          \u001b[33mclass\u001b[39m=\u001b[32m\"upload-dropzone  border-2 border-dashed border-[#8B7355]\"\u001b[39m\n        \u001b[36m>\u001b[39m\n          \u001b[36m<div\u001b[39m\n            \u001b[33mclass\u001b[39m=\u001b[32m\"flex flex-col items-center\"\u001b[39m\n          \u001b[36m>\u001b[39m\n            \u001b[36m<svg\u001b[39m\n              \u001b[33maria-hidden\u001b[39m=\u001b[32m\"true\"\u001b[39m\n              \u001b[33mclass\u001b[39m=\u001b[32m\"lucide lucide-upload upload-dropzone-icon\"\u001b[39m\n              \u001b[33mfill\u001b[39m=\u001b[32m\"none\"\u001b[39m\n              \u001b[33mheight\u001b[39m=\u001b[32m\"24\"\u001b[39m\n              \u001b[33mstroke\u001b[39m=\u001b[32m\"currentColor\"\u001b[39m\n              \u001b[33mstroke-linecap\u001b[39m=\u001b[32m\"round\"\u001b[39m\n              \u001b[33mstroke-linejoin\u001b[39m=\u001b[32m\"round\"\u001b[39m\n              \u001b[33mstroke-width\u001b[39m=\u001b[32m\"2\"\u001b[39m\n              \u001b[33mviewBox\u001b[39m=\u001b[32m\"0 0 24 24\"\u001b[39m\n              \u001b[33mwidth\u001b[39m=\u001b[32m\"24\"\u001b[39m\n              \u001b[33mxmlns\u001b[39m=\u001b[32m\"http://www.w3.org/2000/svg\"\u001b[39m\n            \u001b[36m>\u001b[39m\n              \u001b[36m<path\u001b[39m\n                \u001b[33md\u001b[39m=\u001b[32m\"M12 3v12\"\u001b[39m\n              \u001b[36m/>\u001b[39m\n              \u001b[36m<path\u001b[39m\n                \u001b[33md\u001b[39m=\u001b[32m\"m17 8-5-5-5 5\"\u001b[39m\n              \u001b[36m/>\u001b[39m\n              \u001b[36m<path\u001b[39m\n                \u001b[33md\u001b[39m=\u001b[32m\"M21 15v4a2 2 0 0 1-2 2H5a2 2 0 0 1-2-2v-4\"\u001b[39m\n              \u001b[36m/>\u001b[39m\n            \u001b[36m</svg>\u001b[39m\n            \u001b[36m<p\u001b[39m\n              \u001b[33mclass\u001b[39m=\u001b[32m\"upload-dropzone-text\"\u001b[39m\n            \u001b[36m>\u001b[39m\n              \u001b[0mClick to upload PDF\u001b[0m\n            \u001b[36m</p>\u001b[39m\n            \u001b[36m<p\u001b[39m\n              \u001b[33mclass\u001b[39m=\u001b[32m\"upload-dropzone-hint\"\u001b[39m\n            \u001b[36m>\u001b[39m\n              \u001b[0mPDF file (max 50MB)\u001b[0m\n            \u001b[36m</p>\u001b[39m\n          \u001b[36m</div>\u001b[39m\n        \u001b[36m</div>\u001b[39m\n        \u001b[36m<input\u001b[39m\n          \u001b[33maccept\u001b[39m=\u001b[32m\".pdf,application/pdf\"\u001b[39m\n          \u001b[33mclass\u001b[39m=\u001b[32m\"hidden\"\u001b[39m\n          \u001b[33mtype\u001b[39m=\u001b[32m\"file\"\u001b[39m\n        \u001b[36m/>\u001b[39m\n      \u001b[36m</div>\u001b[39m\n      \u001b[36m<div\u001b[39m\n        \u001b[33mclass\u001b[39m=\u001b[32m\"space-y-2\"\u001b[39m\n      \u001b[36m>\u001b[39m\n        \u001b[36m<label\u001b[39m\n          \u001b[33mclass\u001b[39m=\u001b[32m\"form-label\"\u001b[39m\n        \u001b[36m>\u001b[39m\n          \u001b[0mCover Image (Optional)\u001b[0m\n        \u001b[36m</label>\u001b[39m\n        \u001b[36m<div\u001b[39m\n          \u001b[33mclass\u001b[39m=\u001b[32m\"upload-dropzone  border-2 border-dashed border-[#8B7355]\"\u001b[39m\n        \u001b[36m>\u001b[39m\n          \u001b[36m<div\u001b[39m\n            \u001b[33mclass\u001b[39m=\u001b[32m\"flex flex-col items-center\"\u001b[39m\n          \u001b[36m>\u001b[39m\n            \u001b[36m<svg\u001b[39m\n              \u001b[33maria-hidden\u001b[39m=\u001b[32m\"true\"\u001b[39m\n              \u001b[33mclass\u001b[39m=\u001b[32m\"lucide lucide-upload upload-dropzone-icon\"\u001b[39m\n              \u001b[33mfill\u001b[39m=\u001b[32m\"none\"\u001b[39m\n              \u001b[33mheight\u001b[39m=\u001b[32m\"24\"\u001b[39m\n              \u001b[33mstroke\u001b[39m=\u001b[32m\"currentColor\"\u001b[39m\n              \u001b[33mstroke-linecap\u001b[39m=\u001b[32m\"round\"\u001b[39m\n              \u001b[33mstroke-linejoin\u001b[39m=\u001b[32m\"round\"\u001b[39m\n              \u001b[33mstroke-width\u001b[39m=\u001b[32m\"2\"\u001b[39m\n              \u001b[33mviewBox\u001b[39m=\u001b[32m\"0 0 24 24\"\u001b[39m\n              \u001b[33mwidth\u001b[39m=\u001b[32m\"24\"\u001b[39m\n              \u001b[33mxmlns\u001b[39m=\u001b[32m\"http://www.w3.org/2000/svg\"\u001b[39m\n            \u001b[36m>\u001b[39m\n              \u001b[36m<path\u001b[39m\n                \u001b[33md\u001b[39m=\u001b[32m\"M12 3v12\"\u001b[39m\n              \u001b[36m/>\u001b[39m\n              \u001b[36m<path\u001b[39m\n                \u001b[33md\u001b[39m=\u001b[32m\"m17 8-5-5-5 5\"\u001b[39m\n              \u001b[36m/>\u001b[39m\n              \u001b[36m<path\u001b[39m\n                \u001b[33md\u001b[39m=\u001b[32m\"M21 15v4a2 2 0 0 1-2 2H5a2 2 0 0 1-2-2v-4\"\u001b[39m\n              \u001b[36m/>\u001b[39m\n            \u001b[36m</svg>\u001b[39m\n            \u001b[36m<p\u001b[39m\n              \u001b[33mclass\u001b[39m=\u001b[32m\"upload-dropzone-text\"\u001b[39m\n            \u001b[36m>\u001b[39m\n              \u001b[0mClick to upload cover image\u001b[0m\n            \u001b[36m</p>\u001b[39m\n            \u001b[36m<p\u001b[39m\n              \u001b[33mclass\u001b[39m=\u001b[32m\"upload-dropzone-hint\"\u001b[39m\n            \u001b[36m>\u001b[39m\n              \u001b[0mLeave empty to auto-generate from PDF\u001b[0m\n            \u001b[36m</p>\u001b[39m\n          \u001b[36m</div>\u001b[39m\n        \u001b[36m</div>\u001b[39m\n        \u001b[36m<input\u001b[39m\n          \u001b[33maccept\u001b[39m=\u001b[32m\"image/jpeg,image/jpg,image/png,image/webp\"\u001b[39m\n          \u001b[33mclass\u001b[39m=\u001b[32m\"hidden\"\u001b[39m\n          \u001b[33mtype\u001b[39m=\u001b[32m\"file\"\u001b[39m\n        \u001b[36m/>\u001b[39m\n      \u001b[36m</div>\u001b[39m\n      \u001b[36m<div\u001b[39m\n        \u001b[33mclass\u001b[39m=\u001b[32m\"space-y-2\"\u001b[39m\n      \u001b[36m>\u001b[39m\n        \u001b[36m<label\u001b[39m\n          \u001b[33mclass\u001b[39m=\u001b[32m\"form-label\"\u001b[39m\n        \u001b[36m>\u001b[39m\n          \u001b[0mTitle *\u001b[0m\n        \u001b[36m</label>\u001b[39m\n        \u001b[36m<input\u001b[39m\n          \u001b[33mclass\u001b[39m=\u001b[32m\"form-input border border-[#8B7355]\"\u001b[39m\n          \u001b[33mname\u001b[39m=\u001b[32m\"title\"\u001b[39m\n          \u001b[33mplaceholder\u001b[39m=\u001b[32m\"ex: Rich Dad Poor Dad\"\u001b[39m\n          \u001b[33mtype\u001b[39m=\u001b[32m\"text\"\u001b[39m\n        \u001b[36m/>\u001b[39m\n      \u001b[36m</div>\u001b[39m\n      \u001b[36m<div\u001b[39m\n        \u001b[33mclass\u001b[39m=\u001b[32m\"space-y-2\"\u001b[39m\n      \u001b[36m>\u001b[39m\n        \u001b[36m<label\u001b[39m\n          \u001b[33mclass\u001b[39m=\u001b[32m\"form-label\"\u001b[39m\n        \u001b[36m>\u001b[39m\n          \u001b[0mAuthor Name *\u001b[0m\n        \u001b[36m</label>\u001b[39m\n        \u001b[36m<input\u001b[39m\n          \u001b[33mclass\u001b[39m=\u001b[32m\"form-input border border-[#8B7355]\"\u001b[39m\n          \u001b[33mname\u001b[39m=\u001b[32m\"author\"\u001b[39m\n          \u001b[33mplaceholder\u001b[39m=\u001b[32m\"ex: Robert Kiyosaki\"\u001b[39m\n          \u001b[33mtype\u001b[39m=\u001b[32m\"text\"\u001b[39m\n        \u001b[36m/>\u001b[39m\n      \u001b[36m</div>\u001b[39m\n      \u001b[36m<div\u001b[39m\n        \u001b[33mclass\u001b[39m=\u001b[32m\"space-y-4\"\u001b[39m\n      \u001b[36m>\u001b[39m\n        \u001b[36m<label\u001b[39m\n          \u001b[33mclass\u001b[39m=\u001b[32m\"form-label\"\u001b[39m\n        \u001b[36m>\u001b[39m\n          \u001b[0mChoose Assistant Voice *\u001b[0m\n        \u001b[36m</label>\u001b[39m\n        \u001b[36m<div\u001b[39m\n          \u001b[33mclass\u001b[39m=\u001b[32m\"space-y-2\"\u001b[39m\n        \u001b[36m>\u001b[39m\n          \u001b[36m<h3\u001b[39m\n            \u001b[33mclass\u001b[39m=\u001b[32m\"text-sm font-semibold text-[#212a3b]\"\u001b[39m\n          \u001b[36m>\u001b[39m\n            \u001b[0mMale Voices\u001b[0m\n          \u001b[36m</h3>\u001b[39m\n          \u001b[36m<div\u001b[39m\n            \u001b[33mclass\u001b[39m=\u001b[32m\"voice-selector-options\"\u001b[39m\n          \u001b[36m>\u001b[39m\n            \u001b[36m<label\u001b[39m\n              \u001b[33mclass\u001b[39m=\u001b[32m\"voice-selector-option voice-selector-option-default\"\u001b[39m\n            \u001b[36m>\u001b[39m\n              \u001b[36m<input\u001b[39m\n                \u001b[33mclass\u001b[39m=\u001b[32m\"hidden\"\u001b[39m\n                \u001b[33mname\u001b[39m=\u001b[32m\"voiceId\"\u001b[39m\n                \u001b[33mtype\u001b[39m=\u001b[32m\"radio\"\u001b[39m\n                \u001b[33mvalue\u001b[39m=\u001b[32m\"dave\"\u001b[39m\n              \u001b[36m/>\u001b[39m\n              \u001b[36m<div\u001b[39m\n                \u001b[33mclass\u001b[39m=\u001b[32m\"flex-1 text-center\"\u001b[39m\n              \u001b[36m>\u001b[39m\n                \u001b[36m<p\u001b[39m\n                  \u001b[33mclass\u001b[39m=\u001b[32m\"font-semibold text-[#212a3b]\"\u001b[39m\n                \u001b[36m>\u001b[39m\n                  \u001b[0mDave\u001b[0m\n                \u001b[36m</p>\u001b[39m\n                \u001b[36m<p\u001b[39m\n                  \u001b[33mclass\u001b[39m=\u001b[32m\"text-sm text-[#3d485e]\"\u001b[39m\n                \u001b[36m>\u001b[39m\n                  \u001b[0mNatural, warm male voice\u001b[0m\n                \u001b[36m</p>\u001b[39m\n              \u001b[36m</div>\u001b[39m\n            \u001b[36m</label>\u001b[39m\n            \u001b[36m<label\u001b[39m\n              \u001b[33mclass\u001b[39m=\u001b[32m\"voice-selector-option voice-selector-option-default\"\u001b[39m\n            \u001b[36m>\u001b[39m\n              \u001b[36m<input\u001b[39m\n                \u001b[33mclass\u001b[39m=\u001b[32m\"hidden\"\u001b[39m\n                \u001b[33mname\u001b[39m=\u001b[32m\"voiceId\"\u001b[39m\n                \u001b[33mtype\u001b[39m=\u001b[32m\"radio\"\u001b[39m\n                \u001b[33mvalue\u001b[39m=\u001b[32m\"daniel\"\u001b[39m\n              \u001b[36m/>\u001b[39m\n              \u001b[36m<div\u001b[39m\n                \u001b[33mclass\u001b[39m=\u001b[32m\"flex-1 text-center\"\u001b[39m\n              \u001b[36m>\u001b[39m\n                \u001b[36m<p\u001b[39m\n                  \u001b[33mclass\u001b[39m=\u001b[32m\"font-semibold text-[#212a3b]\"\u001b[39m\n                \u001b[36m>\u001b[39m\n                  \u001b[0mDaniel\u001b[0m\n                \u001b[36m</p>\u001b[39m\n                \u001b[36m<p\u001b[39m\n                  \u001b[33mclass\u001b[39m=\u001b[32m\"text-sm text-[#3d485e]\"\u001b[39m\n                \u001b[36m>\u001b[39m\n                  \u001b[0mClear, professional male voice\u001b[0m\n                \u001b[36m</p>\u001b[39m\n              \u001b[36m</div>\u001b[39m\n            \u001b[36m</label>\u001b[39m\n            \u001b[36m<label\u001b[39m\n              \u001b[33mclass\u001b[39m=\u001b[32m\"voice-selector-option voice-selector-option-default\"\u001b[39m\n            \u001b[36m>\u001b[39m\n              \u001b[36m<input\u001b[39m\n                \u001b[33mclass\u001b[39m=\u001b[32m\"hidden\"\u001b[39m\n                \u001b[33mname\u001b[39m=\u001b[32m\"voiceId\"\u001b[39m\n                \u001b[33mtype\u001b[39m=\u001b[32m\"radio\"\u001b[39m\n                \u001b[33mvalue\u001b[39m=\u001b[32m\"chris\"\u001b[39m\n              \u001b[36m/>\u001b[39m\n              \u001b[36m<div\u001b[39m\n                \u001b[33mclass\u001b[39m=\u001b[32m\"flex-1 text-center\"\u001b[39m\n              \u001b[36m>\u001b[39m\n                \u001b[36m<p\u001b[39m\n                  \u001b[33mclass\u001b[39m=\u001b[32m\"font-semibold text-[#212a3b]\"\u001b[39m\n                \u001b[36m>\u001b[39m\n                  \u001b[0mChris\u001b[0m\n                \u001b[36m</p>\u001b[39m\n                \u001b[36m<p\u001b[39m\n                  \u001b[33mclass\u001b[39m=\u001b[32m\"text-sm text-[#3d485e]\"\u001b[39m\n                \u001b[36m>\u001b[39m\n                  \u001b[0mFriendly, engaging male voice\u001b[0m\n                \u001b[36m</p>\u001b[39m\n              \u001b[36m</div>\u001b[39m\n            \u001b[36m</label>\u001b[39m\n          \u001b[36m</div>\u001b[39m\n        \u001b[36m</div>\u001b[39m\n        \u001b[36m<div\u001b[39m\n          \u001b[33mclass\u001b[39m=\u001b[32m\"space-y-2\"\u001b[39m\n        \u001b[36m>\u001b[39m\n          \u001b[36m<h3\u001b[39m\n            \u001b[33mclass\u001b[39m=\u001b[32m\"text-sm font-semibold text-[#212a3b]\"\u001b[39m\n          \u001b[36m>\u001b[39m\n            \u001b[0mFemale Voices\u001b[0m\n          \u001b[36m</h3>\u001b[39m\n          \u001b[36m<div\u001b[39m\n            \u001b[33mclass\u001b[39m=\u001b[32m\"voice-selector-options\"\u001b[39m\n          \u001b[36m>\u001b[39m\n            \u001b[36m<label\u001b[39m\n              \u001b[33mclass\u001b[39m=\u001b[32m\"voice-selector-option voice-selector-option-default\"\u001b[39m\n            \u001b[36m>\u001b[39m\n              \u001b[36m<input\u001b[39m\n                \u001b[33mclass\u001b[39m=\u001b[32m\"hidden\"\u001b[39m\n                \u001b[33mname\u001b[39m=\u001b[32m\"voiceId\"\u001b[39m\n                \u001b[33mtype\u001b[39m=\u001b[32m\"radio\"\u001b[39m\n                \u001b[33mvalue\u001b[39m=\u001b[32m\"rachel\"\u001b[39m\n              \u001b[36m/>\u001b[39m\n              \u001b[36m<div\u001b[39m\n                \u001b[33mclass\u001b[39m=\u001b[32m\"flex-1 text-center\"\u001b[39m\n              \u001b[36m>\u001b[39m\n                \u001b[36m<p\u001b[39m\n                  \u001b[33mclass\u001b[39m=\u001b[32m\"font-semibold text-[#212a3b]\"\u001b[39m\n                \u001b[36m>\u001b[39m\n                  \u001b[0mRachel\u001b[0m\n                \u001b[36m</p>\u001b[39m\n                \u001b[36m<p\u001b[39m\n                  \u001b[33mclass\u001b[39m=\u001b[32m\"text-sm text-[#3d485e]\"\u001b[39m\n                \u001b[36m>\u001b[39m\n                  \u001b[0mEngaging, expressive female voice\u001b[0m\n                \u001b[36m</p>\u001b[39m\n              \u001b[36m</div>\u001b[39m\n            \u001b[36m</label>\u001b[39m\n            \u001b[36m<label\u001b[39m\n              \u001b[33mclass\u001b[39m=\u001b[32m\"voice-selector-option voice-selector-option-default\"\u001b[39m\n            \u001b[36m>\u001b[39m\n              \u001b[36m<input\u001b[39m\n                \u001b[33mclass\u001b[39m=\u001b[32m\"hidden\"\u001b[39m\n                \u001b[33mname\u001b[39m=\u001b[32m\"voiceId\"\u001b[39m\n                \u001b[33mtype\u001b[39m=\u001b[32m\"radio\"\u001b[39m\n                \u001b[33mvalue\u001b[39m=\u001b[32m\"sarah\"\u001b[39m\n              \u001b[36m/>\u001b[39m\n              \u001b[36m<div\u001b[39m\n                \u001b[33mclass\u001b[39m=\u001b[32m\"flex-1 text-center\"\u001b[39m\n              \u001b[36m>\u001b[39m\n                \u001b[36m<p\u001b[39m\n                  \u001b[33mclass\u001b[39m=\u001b[32m\"font-semibold text-[#212a3b]\"\u001b[39m\n                \u001b[36m>\u001b[39m\n                  \u001b[0mSarah\u001b[0m\n                \u001b[36m</p>\u001b[39m\n                \u001b[36m<p\u001b[39m\n                  \u001b[33mclass\u001b[39m=\u001b[32m\"text-sm text-[#3d485e]\"\u001b[39m\n                \u001b[36m>\u001b[39m\n                  \u001b[0mClear, confident female voice\u001b[0m\n                \u001b[36m</p>\u001b[39m\n              \u001b[36m</div>\u001b[39m\n            \u001b[36m</label>\u001b[39m\n          \u001b[36m</div>\u001b[39m\n        \u001b[36m</div>\u001b[39m\n      \u001b[36m</div>\u001b[39m\n      \u001b[36m<button\u001b[39m\n        \u001b[33mclass\u001b[39m=\u001b[32m\"form-btn disabled:opacity-50 disabled:cursor-not-allowed\"\u001b[39m\n        \u001b[33mtype\u001b[39m=\u001b[32m\"submit\"\u001b[39m\n      \u001b[36m>\u001b[39m\n        \u001b[0mBegin Synthesis\u001b[0m\n      \u001b[36m</button>\u001b[39m\n    \u001b[36m</form>\u001b[39m\n  \u001b[36m</div>\u001b[39m\n\u001b[36m</body>\u001b[39m\n    at Object.getElementError (C:\\Users\\M Anas\\Desktop\\Video Downloader\\ai-book-assistant\\node_modules\\@testing-library\\dom\\dist\\config.js:37:19)\n    at getAllByLabelText (C:\\Users\\M Anas\\Desktop\\Video Downloader\\ai-book-assistant\\node_modules\\@testing-library\\dom\\dist\\queries\\label-text.js:108:40)\n    at C:\\Users\\M Anas\\Desktop\\Video Downloader\\ai-book-assistant\\node_modules\\@testing-library\\dom\\dist\\query-helpers.js:52:17\n    at C:\\Users\\M Anas\\Desktop\\Video Downloader\\ai-book-assistant\\node_modules\\@testing-library\\dom\\dist\\query-helpers.js:95:19\n    at Object.<anonymous> (C:\\Users\\M Anas\\Desktop\\Video Downloader\\ai-book-assistant\\tests\\uploadForm.test.tsx:40:14)\n    at Promise.then.completed (C:\\Users\\M Anas\\Desktop\\Video Downloader\\ai-book-assistant\\node_modules\\jest-circus\\build\\utils.js:298:28)\n    at new Promise (<anonymous>)\n    at callAsyncCircusFn (C:\\Users\\M Anas\\Desktop\\Video Downloader\\ai-book-assistant\\node_modules\\jest-circus\\build\\utils.js:231:10)\n    at _callCircusTest (C:\\Users\\M Anas\\Desktop\\Video Downloader\\ai-book-assistant\\node_modules\\jest-circus\\build\\run.js:316:40)\n    at _runTest (C:\\Users\\M Anas\\Desktop\\Video Downloader\\ai-book-assistant\\node_modules\\jest-circus\\build\\run.js:252:3)\n    at _runTestsForDescribeBlock (C:\\Users\\M Anas\\Desktop\\Video Downloader\\ai-book-assistant\\node_modules\\jest-circus\\build\\run.js:126:9)\n    at _runTestsForDescribeBlock (C:\\Users\\M Anas\\Desktop\\Video Downloader\\ai-book-assistant\\node_modules\\jest-circus\\build\\run.js:121:9)\n    at run (C:\\Users\\M Anas\\Desktop\\Video Downloader\\ai-book-assistant\\node_modules\\jest-circus\\build\\run.js:71:3)\n    at runAndTransformResultsToJestFormat (C:\\Users\\M Anas\\Desktop\\Video Downloader\\ai-book-assistant\\node_modules\\jest-circus\\build\\legacy-code-todo-rewrite\\jestAdapterInit.js:122:21)\n    at jestAdapter (C:\\Users\\M Anas\\Desktop\\Video Downloader\\ai-book-assistant\\node_modules\\jest-circus\\build\\legacy-code-todo-rewrite\\jestAdapter.js:79:19)\n    at runTestInternal (C:\\Users\\M Anas\\Desktop\\Video Downloader\\ai-book-assistant\\node_modules\\jest-runner\\build\\runTest.js:367:16)\n    at runTest (C:\\Users\\M Anas\\Desktop\\Video Downloader\\ai-book-assistant\\node_modules\\jest-runner\\build\\runTest.js:444:34)"],"fullName":"UploadForm renders empty state and accepts a PDF file","invocations":1,"location":null,"numPassingAsserts":1,"retryReasons":[],"status":"failed","title":"renders empty state and accepts a PDF file"},{"ancestorTitles":["UploadForm"],"duration":1424,"failureDetails":[{"name":"TestingLibraryElementError"}],"failureMessages":["Error: Unable to find an element with the text: /Only PDF files are accepted/i. This could be because the text is broken up by multiple elements. In this case, you can provide a function for your text matcher to make your matcher more flexible.\n\nIgnored nodes: comments, script, style\n\u001b[36m<body>\u001b[39m\n  \u001b[36m<div>\u001b[39m\n    \u001b[36m<form\u001b[39m\n      \u001b[33mclass\u001b[39m=\u001b[32m\"new-book-wrapper\"\u001b[39m\n    \u001b[36m>\u001b[39m\n      \u001b[36m<div\u001b[39m\n        \u001b[33mclass\u001b[39m=\u001b[32m\"space-y-2\"\u001b[39m\n      \u001b[36m>\u001b[39m\n        \u001b[36m<label\u001b[39m\n          \u001b[33mclass\u001b[39m=\u001b[32m\"form-label\"\u001b[39m\n        \u001b[36m>\u001b[39m\n          \u001b[0mUpload PDF *\u001b[0m\n        \u001b[36m</label>\u001b[39m\n        \u001b[36m<div\u001b[39m\n          \u001b[33mclass\u001b[39m=\u001b[32m\"upload-dropzone  border-2 border-dashed border-[#8B7355]\"\u001b[39m\n        \u001b[36m>\u001b[39m\n          \u001b[36m<div\u001b[39m\n            \u001b[33mclass\u001b[39m=\u001b[32m\"flex flex-col items-center\"\u001b[39m\n          \u001b[36m>\u001b[39m\n            \u001b[36m<svg\u001b[39m\n              \u001b[33maria-hidden\u001b[39m=\u001b[32m\"true\"\u001b[39m\n              \u001b[33mclass\u001b[39m=\u001b[32m\"lucide lucide-upload upload-dropzone-icon\"\u001b[39m\n              \u001b[33mfill\u001b[39m=\u001b[32m\"none\"\u001b[39m\n              \u001b[33mheight\u001b[39m=\u001b[32m\"24\"\u001b[39m\n              \u001b[33mstroke\u001b[39m=\u001b[32m\"currentColor\"\u001b[39m\n              \u001b[33mstroke-linecap\u001b[39m=\u001b[32m\"round\"\u001b[39m\n              \u001b[33mstroke-linejoin\u001b[39m=\u001b[32m\"round\"\u001b[39m\n              \u001b[33mstroke-width\u001b[39m=\u001b[32m\"2\"\u001b[39m\n              \u001b[33mviewBox\u001b[39m=\u001b[32m\"0 0 24 24\"\u001b[39m\n              \u001b[33mwidth\u001b[39m=\u001b[32m\"24\"\u001b[39m\n              \u001b[33mxmlns\u001b[39m=\u001b[32m\"http://www.w3.org/2000/svg\"\u001b[39m\n            \u001b[36m>\u001b[39m\n              \u001b[36m<path\u001b[39m\n                \u001b[33md\u001b[39m=\u001b[32m\"M12 3v12\"\u001b[39m\n              \u001b[36m/>\u001b[39m\n              \u001b[36m<path\u001b[39m\n                \u001b[33md\u001b[39m=\u001b[32m\"m17 8-5-5-5 5\"\u001b[39m\n              \u001b[36m/>\u001b[39m\n              \u001b[36m<path\u001b[39m\n                \u001b[33md\u001b[39m=\u001b[32m\"M21 15v4a2 2 0 0 1-2 2H5a2 2 0 0 1-2-2v-4\"\u001b[39m\n              \u001b[36m/>\u001b[39m\n            \u001b[36m</svg>\u001b[39m\n            \u001b[36m<p\u001b[39m\n              \u001b[33mclass\u001b[39m=\u001b[32m\"upload-dropzone-text\"\u001b[39m\n            \u001b[36m>\u001b[39m\n              \u001b[0mClick to upload PDF\u001b[0m\n            \u001b[36m</p>\u001b[39m\n            \u001b[36m<p\u001b[39m\n              \u001b[33mclass\u001b[39m=\u001b[32m\"upload-dropzone-hint\"\u001b[39m\n            \u001b[36m>\u001b[39m\n              \u001b[0mPDF file (max 50MB)\u001b[0m\n            \u001b[36m</p>\u001b[39m\n          \u001b[36m</div>\u001b[39m\n        \u001b[36m</div>\u001b[39m\n        \u001b[36m<input\u001b[39m\n          \u001b[33maccept\u001b[39m=\u001b[32m\".pdf,application/pdf\"\u001b[39m\n          \u001b[33mclass\u001b[39m=\u001b[32m\"hidden\"\u001b[39m\n          \u001b[33mtype\u001b[39m=\u001b[32m\"file\"\u001b[39m\n        \u001b[36m/>\u001b[39m\n        \u001b[36m<p\u001b[39m\n          \u001b[33mclass\u001b[39m=\u001b[32m\"text-red-500 text-sm\"\u001b[39m\n        \u001b[36m>\u001b[39m\n          \u001b[0mInvalid input\u001b[0m\n        \u001b[36m</p>\u001b[39m\n      \u001b[36m</div>\u001b[39m\n      \u001b[36m<div\u001b[39m\n        \u001b[33mclass\u001b[39m=\u001b[32m\"space-y-2\"\u001b[39m\n      \u001b[36m>\u001b[39m\n        \u001b[36m<label\u001b[39m\n          \u001b[33mclass\u001b[39m=\u001b[32m\"form-label\"\u001b[39m\n        \u001b[36m>\u001b[39m\n          \u001b[0mCover Image (Optional)\u001b[0m\n        \u001b[36m</label>\u001b[39m\n        \u001b[36m<div\u001b[39m\n          \u001b[33mclass\u001b[39m=\u001b[32m\"upload-dropzone  border-2 border-dashed border-[#8B7355]\"\u001b[39m\n        \u001b[36m>\u001b[39m\n          \u001b[36m<div\u001b[39m\n            \u001b[33mclass\u001b[39m=\u001b[32m\"flex flex-col items-center\"\u001b[39m\n          \u001b[36m>\u001b[39m\n            \u001b[36m<svg\u001b[39m\n              \u001b[33maria-hidden\u001b[39m=\u001b[32m\"true\"\u001b[39m\n              \u001b[33mclass\u001b[39m=\u001b[32m\"lucide lucide-upload upload-dropzone-icon\"\u001b[39m\n              \u001b[33mfill\u001b[39m=\u001b[32m\"none\"\u001b[39m\n              \u001b[33mheight\u001b[39m=\u001b[32m\"24\"\u001b[39m\n              \u001b[33mstroke\u001b[39m=\u001b[32m\"currentColor\"\u001b[39m\n              \u001b[33mstroke-linecap\u001b[39m=\u001b[32m\"round\"\u001b[39m\n              \u001b[33mstroke-linejoin\u001b[39m=\u001b[32m\"round\"\u001b[39m\n              \u001b[33mstroke-width\u001b[39m=\u001b[32m\"2\"\u001b[39m\n              \u001b[33mviewBox\u001b[39m=\u001b[32m\"0 0 24 24\"\u001b[39m\n              \u001b[33mwidth\u001b[39m=\u001b[32m\"24\"\u001b[39m\n              \u001b[33mxmlns\u001b[39m=\u001b[32m\"http://www.w3.org/2000/svg\"\u001b[39m\n            \u001b[36m>\u001b[39m\n              \u001b[36m<path\u001b[39m\n                \u001b[33md\u001b[39m=\u001b[32m\"M12 3v12\"\u001b[39m\n              \u001b[36m/>\u001b[39m\n              \u001b[36m<path\u001b[39m\n                \u001b[33md\u001b[39m=\u001b[32m\"m17 8-5-5-5 5\"\u001b[39m\n              \u001b[36m/>\u001b[39m\n              \u001b[36m<path\u001b[39m\n                \u001b[33md\u001b[39m=\u001b[32m\"M21 15v4a2 2 0 0 1-2 2H5a2 2 0 0 1-2-2v-4\"\u001b[39m\n              \u001b[36m/>\u001b[39m\n            \u001b[36m</svg>\u001b[39m\n            \u001b[36m<p\u001b[39m\n              \u001b[33mclass\u001b[39m=\u001b[32m\"upload-dropzone-text\"\u001b[39m\n            \u001b[36m>\u001b[39m\n              \u001b[0mClick to upload cover image\u001b[0m\n            \u001b[36m</p>\u001b[39m\n            \u001b[36m<p\u001b[39m\n              \u001b[33mclass\u001b[39m=\u001b[32m\"upload-dropzone-hint\"\u001b[39m\n            \u001b[36m>\u001b[39m\n              \u001b[0mLeave empty to auto-generate from PDF\u001b[0m\n            \u001b[36m</p>\u001b[39m\n          \u001b[36m</div>\u001b[39m\n        \u001b[36m</div>\u001b[39m\n        \u001b[36m<input\u001b[39m\n          \u001b[33maccept\u001b[39m=\u001b[32m\"image/jpeg,image/jpg,image/png,image/webp\"\u001b[39m\n          \u001b[33mclass\u001b[39m=\u001b[32m\"hidden\"\u001b[39m\n          \u001b[33mtype\u001b[39m=\u001b[32m\"file\"\u001b[39m\n        \u001b[36m/>\u001b[39m\n      \u001b[36m</div>\u001b[39m\n      \u001b[36m<div\u001b[39m\n        \u001b[33mclass\u001b[39m=\u001b[32m\"space-y-2\"\u001b[39m\n      \u001b[36m>\u001b[39m\n        \u001b[36m<label\u001b[39m\n          \u001b[33mclass\u001b[39m=\u001b[32m\"form-label\"\u001b[39m\n        \u001b[36m>\u001b[39m\n          \u001b[0mTitle *\u001b[0m\n        \u001b[36m</label>\u001b[39m\n        \u001b[36m<input\u001b[39m\n          \u001b[33mclass\u001b[39m=\u001b[32m\"form-input border border-[#8B7355]\"\u001b[39m\n          \u001b[33mname\u001b[39m=\u001b[32m\"title\"\u001b[39m\n          \u001b[33mplaceholder\u001b[39m=\u001b[32m\"ex: Rich Dad Poor Dad\"\u001b[39m\n          \u001b[33mtype\u001b[39m=\u001b[32m\"text\"\u001b[39m\n        \u001b[36m/>\u001b[39m\n        \u001b[36m<p\u001b[39m\n          \u001b[33mclass\u001b[39m=\u001b[32m\"text-red-500 text-sm\"\u001b[39m\n        \u001b[36m>\u001b[39m\n          \u001b[0mTitle is required\u001b[0m\n        \u001b[36m</p>\u001b[39m\n      \u001b[36m</div>\u001b[39m\n      \u001b[36m<div\u001b[39m\n        \u001b[33mclass\u001b[39m=\u001b[32m\"space-y-2\"\u001b[39m\n      \u001b[36m>\u001b[39m\n        \u001b[36m<label\u001b[39m\n          \u001b[33mclass\u001b[39m=\u001b[32m\"form-label\"\u001b[39m\n        \u001b[36m>\u001b[39m\n          \u001b[0mAuthor Name *\u001b[0m\n        \u001b[36m</label>\u001b[39m\n        \u001b[36m<input\u001b[39m\n          \u001b[33mclass\u001b[39m=\u001b[32m\"form-input border border-[#8B7355]\"\u001b[39m\n          \u001b[33mname\u001b[39m=\u001b[32m\"author\"\u001b[39m\n          \u001b[33mplaceholder\u001b[39m=\u001b[32m\"ex: Robert Kiyosaki\"\u001b[39m\n          \u001b[33mtype\u001b[39m=\u001b[32m\"text\"\u001b[39m\n        \u001b[36m/>\u001b[39m\n        \u001b[36m<p\u001b[39m\n          \u001b[33mclass\u001b[39m=\u001b[32m\"text-red-500 text-sm\"\u001b[39m\n        \u001b[36m>\u001b[39m\n          \u001b[0mAuthor name is required\u001b[0m\n        \u001b[36m</p>\u001b[39m\n      \u001b[36m</div>\u001b[39m\n      \u001b[36m<div\u001b[39m\n        \u001b[33mclass\u001b[39m=\u001b[32m\"space-y-4\"\u001b[39m\n      \u001b[36m>\u001b[39m\n        \u001b[36m<label\u001b[39m\n          \u001b[33mclass\u001b[39m=\u001b[32m\"form-label\"\u001b[39m\n        \u001b[36m>\u001b[39m\n          \u001b[0mChoose Assistant Voice *\u001b[0m\n        \u001b[36m</label>\u001b[39m\n        \u001b[36m<div\u001b[39m\n          \u001b[33mclass\u001b[39m=\u001b[32m\"space-y-2\"\u001b[39m\n        \u001b[36m>\u001b[39m\n          \u001b[36m<h3\u001b[39m\n            \u001b[33mclass\u001b[39m=\u001b[32m\"text-sm font-semibold text-[#212a3b]\"\u001b[39m\n          \u001b[36m>\u001b[39m\n            \u001b[0mMale Voices\u001b[0m\n          \u001b[36m</h3>\u001b[39m\n          \u001b[36m<div\u001b[39m\n            \u001b[33mclass\u001b[39m=\u001b[32m\"voice-selector-options\"\u001b[39m\n          \u001b[36m>\u001b[39m\n            \u001b[36m<label\u001b[39m\n              \u001b[33mclass\u001b[39m=\u001b[32m\"voice-selector-option voice-selector-option-default\"\u001b[39m\n            \u001b[36m>\u001b[39m\n              \u001b[36m<input\u001b[39m\n                \u001b[33mclass\u001b[39m=\u001b[32m\"hidden\"\u001b[39m\n                \u001b[33mname\u001b[39m=\u001b[32m\"voiceId\"\u001b[39m\n                \u001b[33mtype\u001b[39m=\u001b[32m\"radio\"\u001b[39m\n                \u001b[33mvalue\u001b[39m=\u001b[32m\"dave\"\u001b[39m\n              \u001b[36m/>\u001b[39m\n              \u001b[36m<div\u001b[39m\n                \u001b[33mclass\u001b[39m=\u001b[32m\"flex-1 text-center\"\u001b[39m\n              \u001b[36m>\u001b[39m\n                \u001b[36m<p\u001b[39m\n                  \u001b[33mclass\u001b[39m=\u001b[32m\"font-semibold text-[#212a3b]\"\u001b[39m\n                \u001b[36m>\u001b[39m\n                  \u001b[0mDave\u001b[0m\n                \u001b[36m</p>\u001b[39m\n                \u001b[36m<p\u001b[39m\n                  \u001b[33mclass\u001b[39m=\u001b[32m\"text-sm text-[#3d485e]\"\u001b[39m\n                \u001b[36m>\u001b[39m\n                  \u001b[0mNatural, warm male voice\u001b[0m\n                \u001b[36m</p>\u001b[39m\n              \u001b[36m</div>\u001b[39m\n            \u001b[36m</label>\u001b[39m\n            \u001b[36m<label\u001b[39m\n              \u001b[33mclass\u001b[39m=\u001b[32m\"voice-selector-option voice-selector-option-default\"\u001b[39m\n            \u001b[36m>\u001b[39m\n              \u001b[36m<input\u001b[39m\n                \u001b[33mclass\u001b[39m=\u001b[32m\"hidden\"\u001b[39m\n                \u001b[33mname\u001b[39m=\u001b[32m\"voiceId\"\u001b[39m\n                \u001b[33mtype\u001b[39m=\u001b[32m\"radio\"\u001b[39m\n                \u001b[33mvalue\u001b[39m=\u001b[32m\"daniel\"\u001b[39m\n              \u001b[36m/>\u001b[39m\n              \u001b[36m<div\u001b[39m\n                \u001b[33mclass\u001b[39m=\u001b[32m\"flex-1 text-center\"\u001b[39m\n              \u001b[36m>\u001b[39m\n                \u001b[36m<p\u001b[39m\n                  \u001b[33mclass\u001b[39m=\u001b[32m\"font-semibold text-[#212a3b]\"\u001b[39m\n                \u001b[36m>\u001b[39m\n                  \u001b[0mDaniel\u001b[0m\n                \u001b[36m</p>\u001b[39m\n                \u001b[36m<p\u001b[39m\n                  \u001b[33mclass\u001b[39m=\u001b[32m\"text-sm text-[#3d485e]\"\u001b[39m\n                \u001b[36m>\u001b[39m\n                  \u001b[0mClear, professional male voice\u001b[0m\n                \u001b[36m</p>\u001b[39m\n              \u001b[36m</div>\u001b[39m\n            \u001b[36m</label>\u001b[39m\n            \u001b[36m<label\u001b[39m\n              \u001b[33mclass\u001b[39m=\u001b[32m\"voice-selector-option voice-selector-option-default\"\u001b[39m\n            \u001b[36m>\u001b[39m\n              \u001b[36m<input\u001b[39m\n                \u001b[33mclass\u001b[39m=\u001b[32m\"hidden\"\u001b[39m\n                \u001b[33mname\u001b[39m=\u001b[32m\"voiceId\"\u001b[39m\n                \u001b[33mtype\u001b[39m=\u001b[32m\"radio\"\u001b[39m\n                \u001b[33mvalue\u001b[39m=\u001b[32m\"chris\"\u001b[39m\n              \u001b[36m/>\u001b[39m\n              \u001b[36m<div\u001b[39m\n                \u001b[33mclass\u001b[39m=\u001b[32m\"flex-1 text-center\"\u001b[39m\n              \u001b[36m>\u001b[39m\n                \u001b[36m<p\u001b[39m\n                  \u001b[33mclass\u001b[39m=\u001b[32m\"font-semibold text-[#212a3b]\"\u001b[39m\n                \u001b[36m>\u001b[39m\n                  \u001b[0mChris\u001b[0m\n                \u001b[36m</p>\u001b[39m\n                \u001b[36m<p\u001b[39m\n                  \u001b[33mclass\u001b[39m=\u001b[32m\"text-sm text-[#3d485e]\"\u001b[39m\n                \u001b[36m>\u001b[39m\n                  \u001b[0mFriendly, engaging male voice\u001b[0m\n                \u001b[36m</p>\u001b[39m\n              \u001b[36m</div>\u001b[39m\n            \u001b[36m</label>\u001b[39m\n          \u001b[36m</div>\u001b[39m\n        \u001b[36m</div>\u001b[39m\n        \u001b[36m<div\u001b[39m\n          \u001b[33mclass\u001b[39m=\u001b[32m\"space-y-2\"\u001b[39m\n        \u001b[36m>\u001b[39m\n          \u001b[36m<h3\u001b[39m\n            \u001b[33mclass\u001b[39m=\u001b[32m\"text-sm font-semibold text-[#212a3b]\"\u001b[39m\n          \u001b[36m>\u001b[39m\n            \u001b[0mFemale Voices\u001b[0m\n          \u001b[36m</h3>\u001b[39m\n          \u001b[36m<div\u001b[39m\n            \u001b[33mclass\u001b[39m=\u001b[32m\"voice-selector-options\"\u001b[39m\n          \u001b[36m>\u001b[39m\n            \u001b[36m<label\u001b[39m\n              \u001b[33mclass\u001b[39m=\u001b[32m\"voice-selector-option voice-selector-option-default\"\u001b[39m\n            \u001b[36m>\u001b[39m\n              \u001b[36m<input\u001b[39m\n                \u001b[33mclass\u001b[39m=\u001b[32m\"hidden\"\u001b[39m\n                \u001b[33mname\u001b[39m=\u001b[32m\"voiceId\"\u001b[39m\n                \u001b[33mtype\u001b[39m=\u001b[32m\"radio\"\u001b[39m\n                \u001b[33mvalue\u001b[39m=\u001b[32m\"rachel\"\u001b[39m\n              \u001b[36m/>\u001b[39m\n              \u001b[36m<div\u001b[39m\n                \u001b[33mclass\u001b[39m=\u001b[32m\"flex-1 text-center\"\u001b[39m\n              \u001b[36m>\u001b[39m\n                \u001b[36m<p\u001b[39m\n                  \u001b[33mclass\u001b[39m=\u001b[32m\"font-semibold text-[#212a3b]\"\u001b[39m\n                \u001b[36m>\u001b[39m\n                  \u001b[0mRachel\u001b[0m\n                \u001b[36m</p>\u001b[39m\n                \u001b[36m<p\u001b[39m\n                  \u001b[33mclass\u001b[39m=\u001b[32m\"text-sm text-[#3d485e]\"\u001b[39m\n                \u001b[36m>\u001b[39m\n                  \u001b[0mEngaging, expressive female voice\u001b[0m\n                \u001b[36m</p>\u001b[39m\n              \u001b[36m</div>\u001b[39m\n            \u001b[36m</label>\u001b[39m\n            \u001b[36m<label\u001b[39m\n              \u001b[33mclass\u001b[39m=\u001b[32m\"voice-selector-option voice-selector-option-default\"\u001b[39m\n            \u001b[36m>\u001b[39m\n              \u001b[36m<input\u001b[39m\n                \u001b[33mclass\u001b[39m=\u001b[32m\"hidden\"\u001b[39m\n                \u001b[33mname\u001b[39m=\u001b[32m\"voiceId\"\u001b[39m\n                \u001b[33mtype\u001b[39m=\u001b[32m\"radio\"\u001b[39m\n                \u001b[33mvalue\u001b[39m=\u001b[32m\"sarah\"\u001b[39m\n              \u001b[36m/>\u001b[39m\n              \u001b[36m<div\u001b[39m\n                \u001b[33mclass\u001b[39m=\u001b[32m\"flex-1 text-center\"\u001b[39m\n              \u001b[36m>\u001b[39m\n                \u001b[36m<p\u001b[39m\n                  \u001b[33mclass\u001b[39m=\u001b[32m\"font-semibold text-[#212a3b]\"\u001b[39m\n                \u001b[36m>\u001b[39m\n                  \u001b[0mSarah\u001b[0m\n                \u001b[36m</p>\u001b[39m\n                \u001b[36m<p\u001b[39m\n                  \u001b[33mclass\u001b[39m=\u001b[32m\"text-sm text-[#3d485e]\"\u001b[39m\n                \u001b[36m>\u001b[39m\n                  \u001b[0mClear, confident female voice\u001b[0m\n                \u001b[36m</p>\u001b[39m\n              \u001b[36m</div>\u001b[39m\n            \u001b[36m</label>\u001b[39m\n          \u001b[36m</div>\u001b[39m\n        \u001b[36m</div>\u001b[39m\n        \u001b[36m<p\u001b[39m\n          \u001b[33mclass\u001b[39m=\u001b[32m\"text-red-500 text-sm\"\u001b[39m\n        \u001b[36m>\u001b[39m\n          \u001b[0mInvalid option: expected one of \"dave\"|\"daniel\"|\"chris\"|\"rachel\"|\"sarah\"\u001b[0m\n        \u001b[36m</p>\u001b[39m\n      \u001b[36m</div>\u001b[39m\n      \u001b[36m<button\u001b[39m\n        \u001b[33mclass\u001b[39m=\u001b[32m\"form-btn disabled:opacity-50 disabled:cursor-not-allowed\"\u001b[39m\n        \u001b[33mtype\u001b[39m=\u001b[32m\"submit\"\u001b[39m\n      \u001b[36m>\u001b[39m\n        \u001b[0mBegin Synthesis\u001b[0m\n      \u001b[36m</button>\u001b[39m\n    \u001b[36m</form>\u001b[39m\n  \u001b[36m</div>\u001b[39m\n\u001b[36m</body>\u001b[39m\n    at waitForWrapper (C:\\Users\\M Anas\\Desktop\\Video Downloader\\ai-book-assistant\\node_modules\\@testing-library\\dom\\dist\\wait-for.js:163:27)\n    at Object.<anonymous> (C:\\Users\\M Anas\\Desktop\\Video Downloader\\ai-book-assistant\\tests\\uploadForm.test.tsx:72:18)\n    at runNextTicks (node:internal/process/task_queues:65:5)\n    at listOnTimeout (node:internal/timers:549:9)\n    at processTimers (node:internal/timers:523:7)"],"fullName":"UploadForm validates invalid file types and large files","invocations":1,"location":null,"numPassingAsserts":0,"retryReasons":[],"status":"failed","title":"validates invalid file types and large files"},{"ancestorTitles":["UploadForm"],"duration":860,"failureDetails":[],"failureMessages":[],"fullName":"UploadForm handles a successful upload flow","invocations":1,"location":null,"numPassingAsserts":4,"retryReasons":[],"status":"passed","title":"handles a successful upload flow"}],"endTime":1783262292684,"message":"\u001b[1m\u001b[31m  \u001b[1m● \u001b[22m\u001b[1mUploadForm › renders empty state and accepts a PDF file\u001b[39m\u001b[22m\n\n    TestingLibraryElementError: Found a label with the text of: /Upload PDF \\*/i, however no form control was found associated to that label. Make sure you're using the \"for\" attribute or \"aria-labelledby\" attribute correctly.\n\n    Ignored nodes: comments, script, style\n    \u001b[36m<body>\u001b[39m\n      \u001b[36m<div>\u001b[39m\n        \u001b[36m<form\u001b[39m\n          \u001b[33mclass\u001b[39m=\u001b[32m\"new-book-wrapper\"\u001b[39m\n        \u001b[36m>\u001b[39m\n          \u001b[36m<div\u001b[39m\n            \u001b[33mclass\u001b[39m=\u001b[32m\"space-y-2\"\u001b[39m\n          \u001b[36m>\u001b[39m\n            \u001b[36m<label\u001b[39m\n              \u001b[33mclass\u001b[39m=\u001b[32m\"form-label\"\u001b[39m\n            \u001b[36m>\u001b[39m\n              \u001b[0mUpload PDF *\u001b[0m\n            \u001b[36m</label>\u001b[39m\n            \u001b[36m<div\u001b[39m\n              \u001b[33mclass\u001b[39m=\u001b[32m\"upload-dropzone  border-2 border-dashed border-[#8B7355]\"\u001b[39m\n            \u001b[36m>\u001b[39m\n              \u001b[36m<div\u001b[39m\n                \u001b[33mclass\u001b[39m=\u001b[32m\"flex flex-col items-center\"\u001b[39m\n              \u001b[36m>\u001b[39m\n                \u001b[36m<svg\u001b[39m\n                  \u001b[33maria-hidden\u001b[39m=\u001b[32m\"true\"\u001b[39m\n                  \u001b[33mclass\u001b[39m=\u001b[32m\"lucide lucide-upload upload-dropzone-icon\"\u001b[39m\n                  \u001b[33mfill\u001b[39m=\u001b[32m\"none\"\u001b[39m\n                  \u001b[33mheight\u001b[39m=\u001b[32m\"24\"\u001b[39m\n                  \u001b[33mstroke\u001b[39m=\u001b[32m\"currentColor\"\u001b[39m\n                  \u001b[33mstroke-linecap\u001b[39m=\u001b[32m\"round\"\u001b[39m\n                  \u001b[33mstroke-linejoin\u001b[39m=\u001b[32m\"round\"\u001b[39m\n                  \u001b[33mstroke-width\u001b[39m=\u001b[32m\"2\"\u001b[39m\n                  \u001b[33mviewBox\u001b[39m=\u001b[32m\"0 0 24 24\"\u001b[39m\n                  \u001b[33mwidth\u001b[39m=\u001b[32m\"24\"\u001b[39m\n                  \u001b[33mxmlns\u001b[39m=\u001b[32m\"http://www.w3.org/2000/svg\"\u001b[39m\n                \u001b[36m>\u001b[39m\n                  \u001b[36m<path\u001b[39m\n                    \u001b[33md\u001b[39m=\u001b[32m\"M12 3v12\"\u001b[39m\n                  \u001b[36m/>\u001b[39m\n                  \u001b[36m<path\u001b[39m\n                    \u001b[33md\u001b[39m=\u001b[32m\"m17 8-5-5-5 5\"\u001b[39m\n                  \u001b[36m/>\u001b[39m\n                  \u001b[36m<path\u001b[39m\n                    \u001b[33md\u001b[39m=\u001b[32m\"M21 15v4a2 2 0 0 1-2 2H5a2 2 0 0 1-2-2v-4\"\u001b[39m\n                  \u001b[36m/>\u001b[39m\n                \u001b[36m</svg>\u001b[39m\n                \u001b[36m<p\u001b[39m\n                  \u001b[33mclass\u001b[39m=\u001b[32m\"upload-dropzone-text\"\u001b[39m\n                \u001b[36m>\u001b[39m\n                  \u001b[0mClick to upload PDF\u001b[0m\n                \u001b[36m</p>\u001b[39m\n                \u001b[36m<p\u001b[39m\n                  \u001b[33mclass\u001b[39m=\u001b[32m\"upload-dropzone-hint\"\u001b[39m\n                \u001b[36m>\u001b[39m\n                  \u001b[0mPDF file (max 50MB)\u001b[0m\n                \u001b[36m</p>\u001b[39m\n              \u001b[36m</div>\u001b[39m\n            \u001b[36m</div>\u001b[39m\n            \u001b[36m<input\u001b[39m\n              \u001b[33maccept\u001b[39m=\u001b[32m\".pdf,application/pdf\"\u001b[39m\n              \u001b[33mclass\u001b[39m=\u001b[32m\"hidden\"\u001b[39m\n              \u001b[33mtype\u001b[39m=\u001b[32m\"file\"\u001b[39m\n            \u001b[36m/>\u001b[39m\n          \u001b[36m</div>\u001b[39m\n          \u001b[36m<div\u001b[39m\n            \u001b[33mclass\u001b[39m=\u001b[32m\"space-y-2\"\u001b[39m\n          \u001b[36m>\u001b[39m\n            \u001b[36m<label\u001b[39m\n              \u001b[33mclass\u001b[39m=\u001b[32m\"form-label\"\u001b[39m\n            \u001b[36m>\u001b[39m\n              \u001b[0mCover Image (Optional)\u001b[0m\n            \u001b[36m</label>\u001b[39m\n            \u001b[36m<div\u001b[39m\n              \u001b[33mclass\u001b[39m=\u001b[32m\"upload-dropzone  border-2 border-dashed border-[#8B7355]\"\u001b[39m\n            \u001b[36m>\u001b[39m\n              \u001b[36m<div\u001b[39m\n                \u001b[33mclass\u001b[39m=\u001b[32m\"flex flex-col items-center\"\u001b[39m\n              \u001b[36m>\u001b[39m\n                \u001b[36m<svg\u001b[39m\n                  \u001b[33maria-hidden\u001b[39m=\u001b[32m\"true\"\u001b[39m\n                  \u001b[33mclass\u001b[39m=\u001b[32m\"lucide lucide-upload upload-dropzone-icon\"\u001b[39m\n                  \u001b[33mfill\u001b[39m=\u001b[32m\"none\"\u001b[39m\n                  \u001b[33mheight\u001b[39m=\u001b[32m\"24\"\u001b[39m\n                  \u001b[33mstroke\u001b[39m=\u001b[32m\"currentColor\"\u001b[39m\n                  \u001b[33mstroke-linecap\u001b[39m=\u001b[32m\"round\"\u001b[39m\n                  \u001b[33mstroke-linejoin\u001b[39m=\u001b[32m\"round\"\u001b[39m\n                  \u001b[33mstroke-width\u001b[39m=\u001b[32m\"2\"\u001b[39m\n                  \u001b[33mviewBox\u001b[39m=\u001b[32m\"0 0 24 24\"\u001b[39m\n                  \u001b[33mwidth\u001b[39m=\u001b[32m\"24\"\u001b[39m\n                  \u001b[33mxmlns\u001b[39m=\u001b[32m\"http://www.w3.org/2000/svg\"\u001b[39m\n                \u001b[36m>\u001b[39m\n                  \u001b[36m<path\u001b[39m\n                    \u001b[33md\u001b[39m=\u001b[32m\"M12 3v12\"\u001b[39m\n                  \u001b[36m/>\u001b[39m\n                  \u001b[36m<path\u001b[39m\n                    \u001b[33md\u001b[39m=\u001b[32m\"m17 8-5-5-5 5\"\u001b[39m\n                  \u001b[36m/>\u001b[39m\n                  \u001b[36m<path\u001b[39m\n                    \u001b[33md\u001b[39m=\u001b[32m\"M21 15v4a2 2 0 0 1-2 2H5a2 2 0 0 1-2-2v-4\"\u001b[39m\n                  \u001b[36m/>\u001b[39m\n                \u001b[36m</svg>\u001b[39m\n                \u001b[36m<p\u001b[39m\n                  \u001b[33mclass\u001b[39m=\u001b[32m\"upload-dropzone-text\"\u001b[39m\n                \u001b[36m>\u001b[39m\n                  \u001b[0mClick to upload cover image\u001b[0m\n                \u001b[36m</p>\u001b[39m\n                \u001b[36m<p\u001b[39m\n                  \u001b[33mclass\u001b[39m=\u001b[32m\"upload-dropzone-hint\"\u001b[39m\n                \u001b[36m>\u001b[39m\n                  \u001b[0mLeave empty to auto-generate from PDF\u001b[0m\n                \u001b[36m</p>\u001b[39m\n              \u001b[36m</div>\u001b[39m\n            \u001b[36m</div>\u001b[39m\n            \u001b[36m<input\u001b[39m\n              \u001b[33maccept\u001b[39m=\u001b[32m\"image/jpeg,image/jpg,image/png,image/webp\"\u001b[39m\n              \u001b[33mclass\u001b[39m=\u001b[32m\"hidden\"\u001b[39m\n              \u001b[33mtype\u001b[39m=\u001b[32m\"file\"\u001b[39m\n            \u001b[36m/>\u001b[39m\n          \u001b[36m</div>\u001b[39m\n          \u001b[36m<div\u001b[39m\n            \u001b[33mclass\u001b[39m=\u001b[32m\"space-y-2\"\u001b[39m\n          \u001b[36m>\u001b[39m\n            \u001b[36m<label\u001b[39m\n              \u001b[33mclass\u001b[39m=\u001b[32m\"form-label\"\u001b[39m\n            \u001b[36m>\u001b[39m\n              \u001b[0mTitle *\u001b[0m\n            \u001b[36m</label>\u001b[39m\n            \u001b[36m<input\u001b[39m\n              \u001b[33mclass\u001b[39m=\u001b[32m\"form-input border border-[#8B7355]\"\u001b[39m\n              \u001b[33mname\u001b[39m=\u001b[32m\"title\"\u001b[39m\n              \u001b[33mplaceholder\u001b[39m=\u001b[32m\"ex: Rich Dad Poor Dad\"\u001b[39m\n              \u001b[33mtype\u001b[39m=\u001b[32m\"text\"\u001b[39m\n            \u001b[36m/>\u001b[39m\n          \u001b[36m</div>\u001b[39m\n          \u001b[36m<div\u001b[39m\n            \u001b[33mclass\u001b[39m=\u001b[32m\"space-y-2\"\u001b[39m\n          \u001b[36m>\u001b[39m\n            \u001b[36m<label\u001b[39m\n              \u001b[33mclass\u001b[39m=\u001b[32m\"form-label\"\u001b[39m\n            \u001b[36m>\u001b[39m\n              \u001b[0mAuthor Name *\u001b[0m\n            \u001b[36m</label>\u001b[39m\n            \u001b[36m<input\u001b[39m\n              \u001b[33mclass\u001b[39m=\u001b[32m\"form-input border border-[#8B7355]\"\u001b[39m\n              \u001b[33mname\u001b[39m=\u001b[32m\"author\"\u001b[39m\n              \u001b[33mplaceholder\u001b[39m=\u001b[32m\"ex: Robert Kiyosaki\"\u001b[39m\n              \u001b[33mtype\u001b[39m=\u001b[32m\"text\"\u001b[39m\n            \u001b[36m/>\u001b[39m\n          \u001b[36m</div>\u001b[39m\n          \u001b[36m<div\u001b[39m\n            \u001b[33mclass\u001b[39m=\u001b[32m\"space-y-4\"\u001b[39m\n          \u001b[36m>\u001b[39m\n            \u001b[36m<label\u001b[39m\n              \u001b[33mclass\u001b[39m=\u001b[32m\"form-label\"\u001b[39m\n            \u001b[36m>\u001b[39m\n              \u001b[0mChoose Assistant Voice *\u001b[0m\n            \u001b[36m</label>\u001b[39m\n            \u001b[36m<div\u001b[39m\n              \u001b[33mclass\u001b[39m=\u001b[32m\"space-y-2\"\u001b[39m\n            \u001b[36m>\u001b[39m\n              \u001b[36m<h3\u001b[39m\n                \u001b[33mclass\u001b[39m=\u001b[32m\"text-sm font-semibold text-[#212a3b]\"\u001b[39m\n              \u001b[36m>\u001b[39m\n                \u001b[0mMale Voices\u001b[0m\n              \u001b[36m</h3>\u001b[39m\n              \u001b[36m<div\u001b[39m\n                \u001b[33mclass\u001b[39m=\u001b[32m\"voice-selector-options\"\u001b[39m\n              \u001b[36m>\u001b[39m\n                \u001b[36m<label\u001b[39m\n                  \u001b[33mclass\u001b[39m=\u001b[32m\"voice-selector-option voice-selector-option-default\"\u001b[39m\n                \u001b[36m>\u001b[39m\n                  \u001b[36m<input\u001b[39m\n                    \u001b[33mclass\u001b[39m=\u001b[32m\"hidden\"\u001b[39m\n                    \u001b[33mname\u001b[39m=\u001b[32m\"voiceId\"\u001b[39m\n                    \u001b[33mtype\u001b[39m=\u001b[32m\"radio\"\u001b[39m\n                    \u001b[33mvalue\u001b[39m=\u001b[32m\"dave\"\u001b[39m\n                  \u001b[36m/>\u001b[39m\n                  \u001b[36m<div\u001b[39m\n                    \u001b[33mclass\u001b[39m=\u001b[32m\"flex-1 text-center\"\u001b[39m\n                  \u001b[36m>\u001b[39m\n                    \u001b[36m<p\u001b[39m\n                      \u001b[33mclass\u001b[39m=\u001b[32m\"font-semibold text-[#212a3b]\"\u001b[39m\n                    \u001b[36m>\u001b[39m\n                      \u001b[0mDave\u001b[0m\n                    \u001b[36m</p>\u001b[39m\n                    \u001b[36m<p\u001b[39m\n                      \u001b[33mclass\u001b[39m=\u001b[32m\"text-sm text-[#3d485e]\"\u001b[39m\n                    \u001b[36m>\u001b[39m\n                      \u001b[0mNatural, warm male voice\u001b[0m\n                    \u001b[36m</p>\u001b[39m\n                  \u001b[36m</div>\u001b[39m\n                \u001b[36m</label>\u001b[39m\n                \u001b[36m<label\u001b[39m\n                  \u001b[33mclass\u001b[39m=\u001b[32m\"voice-selector-option voice-selector-option-default\"\u001b[39m\n                \u001b[36m>\u001b[39m\n                  \u001b[36m<input\u001b[39m\n                    \u001b[33mclass\u001b[39m=\u001b[32m\"hidden\"\u001b[39m\n                    \u001b[33mname\u001b[39m=\u001b[32m\"voiceId\"\u001b[39m\n                    \u001b[33mtype\u001b[39m=\u001b[32m\"radio\"\u001b[39m\n                    \u001b[33mvalue\u001b[39m=\u001b[32m\"daniel\"\u001b[39m\n                  \u001b[36m/>\u001b[39m\n                  \u001b[36m<div\u001b[39m\n                    \u001b[33mclass\u001b[39m=\u001b[32m\"flex-1 text-center\"\u001b[39m\n                  \u001b[36m>\u001b[39m\n                    \u001b[36m<p\u001b[39m\n                      \u001b[33mclass\u001b[39m=\u001b[32m\"font-semibold text-[#212a3b]\"\u001b[39m\n                    \u001b[36m>\u001b[39m\n                      \u001b[0mDaniel\u001b[0m\n                    \u001b[36m</p>\u001b[39m\n                    \u001b[36m<p\u001b[39m\n                      \u001b[33mclass\u001b[39m=\u001b[32m\"text-sm text-[#3d485e]\"\u001b[39m\n                    \u001b[36m>\u001b[39m\n                      \u001b[0mClear, professional male voice\u001b[0m\n                    \u001b[36m</p>\u001b[39m\n                  \u001b[36m</div>\u001b[39m\n                \u001b[36m</label>\u001b[39m\n                \u001b[36m<label\u001b[39m\n                  \u001b[33mclass\u001b[39m=\u001b[32m\"voice-selector-option voice-selector-option-default\"\u001b[39m\n                \u001b[36m>\u001b[39m\n                  \u001b[36m<input\u001b[39m\n                    \u001b[33mclass\u001b[39m=\u001b[32m\"hidden\"\u001b[39m\n                    \u001b[33mname\u001b[39m=\u001b[32m\"voiceId\"\u001b[39m\n                    \u001b[33mtype\u001b[39m=\u001b[32m\"radio\"\u001b[39m\n                    \u001b[33mvalue\u001b[39m=\u001b[32m\"chris\"\u001b[39m\n                  \u001b[36m/>\u001b[39m\n                  \u001b[36m<div\u001b[39m\n                    \u001b[33mclass\u001b[39m=\u001b[32m\"flex-1 text-center\"\u001b[39m\n                  \u001b[36m>\u001b[39m\n                    \u001b[36m<p\u001b[39m\n                      \u001b[33mclass\u001b[39m=\u001b[32m\"font-semibold text-[#212a3b]\"\u001b[39m\n                    \u001b[36m>\u001b[39m\n                      \u001b[0mChris\u001b[0m\n                    \u001b[36m</p>\u001b[39m\n                    \u001b[36m<p\u001b[39m\n                      \u001b[33mclass\u001b[39m=\u001b[32m\"text-sm text-[#3d485e]\"\u001b[39m\n                    \u001b[36m>\u001b[39m\n                      \u001b[0mFriendly, engaging male voice\u001b[0m\n                    \u001b[36m</p>\u001b[39m\n                  \u001b[36m</div>\u001b[39m\n                \u001b[36m</label>\u001b[39m\n              \u001b[36m</div>\u001b[39m\n            \u001b[36m</div>\u001b[39m\n            \u001b[36m<div\u001b[39m\n              \u001b[33mclass\u001b[39m=\u001b[32m\"space-y-2\"\u001b[39m\n            \u001b[36m>\u001b[39m\n              \u001b[36m<h3\u001b[39m\n                \u001b[33mclass\u001b[39m=\u001b[32m\"text-sm font-semibold text-[#212a3b]\"\u001b[39m\n              \u001b[36m>\u001b[39m\n                \u001b[0mFemale Voices\u001b[0m\n              \u001b[36m</h3>\u001b[39m\n              \u001b[36m<div\u001b[39m\n                \u001b[33mclass\u001b[39m=\u001b[32m\"voice-selector-options\"\u001b[39m\n              \u001b[36m>\u001b[39m\n                \u001b[36m<label\u001b[39m\n                  \u001b[33mclass\u001b[39m=\u001b[32m\"voice-selector-option voice-selector-option-default\"\u001b[39m\n                \u001b[36m>\u001b[39m\n                  \u001b[36m<input\u001b[39m\n                    \u001b[33mclass\u001b[39m=\u001b[32m\"hidden\"\u001b[39m\n                    \u001b[33mname\u001b[39m=\u001b[32m\"voiceId\"\u001b[39m\n                    \u001b[33mtype\u001b[39m=\u001b[32m\"radio\"\u001b[39m\n                    \u001b[33mvalue\u001b[39m=\u001b[32m\"rachel\"\u001b[39m\n                  \u001b[36m/>\u001b[39m\n                  \u001b[36m<div\u001b[39m\n                    \u001b[33mclass\u001b[39m=\u001b[32m\"flex-1 text-center\"\u001b[39m\n                  \u001b[36m>\u001b[39m\n                    \u001b[36m<p\u001b[39m\n                      \u001b[33mclass\u001b[39m=\u001b[32m\"font-semibold text-[#212a3b]\"\u001b[39m\n                    \u001b[36m>\u001b[39m\n                      \u001b[0mRachel\u001b[0m\n                    \u001b[36m</p>\u001b[39m\n                    \u001b[36m<p\u001b[39m\n                      \u001b[33mclass\u001b[39m=\u001b[32m\"text-sm text-[#3d485e]\"\u001b[39m\n                    \u001b[36m>\u001b[39m\n                      \u001b[0mEngaging, expressive female voice\u001b[0m\n                    \u001b[36m</p>\u001b[39m\n                  \u001b[36m</div>\u001b[39m\n                \u001b[36m</label>\u001b[39m\n                \u001b[36m<label\u001b[39m\n                  \u001b[33mclass\u001b[39m=\u001b[32m\"voice-selector-option voice-selector-option-default\"\u001b[39m\n                \u001b[36m>\u001b[39m\n                  \u001b[36m<input\u001b[39m\n                    \u001b[33mclass\u001b[39m=\u001b[32m\"hidden\"\u001b[39m\n                    \u001b[33mname\u001b[39m=\u001b[32m\"voiceId\"\u001b[39m\n                    \u001b[33mtype\u001b[39m=\u001b[32m\"radio\"\u001b[39m\n                    \u001b[33mvalue\u001b[39m=\u001b[32m\"sarah\"\u001b[39m\n                  \u001b[36m/>\u001b[39m\n                  \u001b[36m<div\u001b[39m\n                    \u001b[33mclass\u001b[39m=\u001b[32m\"flex-1 text-center\"\u001b[39m\n                  \u001b[36m>\u001b[39m\n                    \u001b[36m<p\u001b[39m\n                      \u001b[33mclass\u001b[39m=\u001b[32m\"font-semibold text-[#212a3b]\"\u001b[39m\n                    \u001b[36m>\u001b[39m\n                      \u001b[0mSarah\u001b[0m\n                    \u001b[36m</p>\u001b[39m\n                    \u001b[36m<p\u001b[39m\n                      \u001b[33mclass\u001b[39m=\u001b[32m\"text-sm text-[#3d485e]\"\u001b[39m\n                    \u001b[36m>\u001b[39m\n                      \u001b[0mClear, confident female voice\u001b[0m\n                    \u001b[36m</p>\u001b[39m\n                  \u001b[36m</div>\u001b[39m\n                \u001b[36m</label>\u001b[39m\n              \u001b[36m</div>\u001b[39m\n            \u001b[36m</div>\u001b[39m\n          \u001b[36m</div>\u001b[39m\n          \u001b[36m<button\u001b[39m\n            \u001b[33mclass\u001b[39m=\u001b[32m\"form-btn disabled:opacity-50 disabled:cursor-not-allowed\"\u001b[39m\n            \u001b[33mtype\u001b[39m=\u001b[32m\"submit\"\u001b[39m\n          \u001b[36m>\u001b[39m\n            \u001b[0mBegin Synthesis\u001b[0m\n          \u001b[36m</button>\u001b[39m\n        \u001b[36m</form>\u001b[39m\n      \u001b[36m</div>\u001b[39m\n    \u001b[36m</body>\u001b[39m\n\u001b[2m\u001b[22m\n\u001b[2m    \u001b[0m \u001b[90m 38 |\u001b[39m     })\u001b[33m;\u001b[39m\u001b[22m\n\u001b[2m     \u001b[90m 39 |\u001b[39m     \u001b[36mconst\u001b[39m input \u001b[33m=\u001b[39m\u001b[22m\n\u001b[2m    \u001b[31m\u001b[1m>\u001b[22m\u001b[2m\u001b[39m\u001b[90m 40 |\u001b[39m       screen\u001b[33m.\u001b[39mgetByLabelText(\u001b[35m/Upload PDF \\*/i\u001b[39m\u001b[33m,\u001b[39m { selector\u001b[33m:\u001b[39m \u001b[32m\"input\"\u001b[39m }) \u001b[33m||\u001b[39m\u001b[22m\n\u001b[2m     \u001b[90m    |\u001b[39m              \u001b[31m\u001b[1m^\u001b[22m\u001b[2m\u001b[39m\u001b[22m\n\u001b[2m     \u001b[90m 41 |\u001b[39m       document\u001b[33m.\u001b[39mquerySelector(\u001b[32m\"input[type=file]\"\u001b[39m)\u001b[33m;\u001b[39m\u001b[22m\n\u001b[2m     \u001b[90m 42 |\u001b[39m\u001b[22m\n\u001b[2m     \u001b[90m 43 |\u001b[39m     \u001b[90m// find the hidden input by role (file inputs don't always expose role), fallback to query\u001b[39m\u001b[0m\u001b[22m\n\u001b[2m\u001b[22m\n\u001b[2m      \u001b[2mat Object.getElementError (\u001b[22m\u001b[2mnode_modules/@testing-library/dom/dist/config.js\u001b[2m:37:19)\u001b[22m\u001b[2m\u001b[22m\n\u001b[2m      \u001b[2mat getAllByLabelText (\u001b[22m\u001b[2mnode_modules/@testing-library/dom/dist/queries/label-text.js\u001b[2m:108:40)\u001b[22m\u001b[2m\u001b[22m\n\u001b[2m      \u001b[2mat \u001b[22m\u001b[2mnode_modules/@testing-library/dom/dist/query-helpers.js\u001b[2m:52:17\u001b[22m\u001b[2m\u001b[22m\n\u001b[2m      \u001b[2mat \u001b[22m\u001b[2mnode_modules/@testing-library/dom/dist/query-helpers.js\u001b[2m:95:19\u001b[22m\u001b[2m\u001b[22m\n\u001b[2m      \u001b[2mat Object.<anonymous> (\u001b[22m\u001b[2m\u001b[0m\u001b[36mtests/uploadForm.test.tsx\u001b[39m\u001b[0m\u001b[2m:40:14)\u001b[22m\u001b[2m\u001b[22m\n\n\u001b[1m\u001b[31m  \u001b[1m● \u001b[22m\u001b[1mUploadForm › validates invalid file types and large files\u001b[39m\u001b[22m\n\n    Unable to find an element with the text: /Only PDF files are accepted/i. This could be because the text is broken up by multiple elements. In this case, you can provide a function for your text matcher to make your matcher more flexible.\n\n    Ignored nodes: comments, script, style\n    \u001b[36m<body>\u001b[39m\n      \u001b[36m<div>\u001b[39m\n        \u001b[36m<form\u001b[39m\n          \u001b[33mclass\u001b[39m=\u001b[32m\"new-book-wrapper\"\u001b[39m\n        \u001b[36m>\u001b[39m\n          \u001b[36m<div\u001b[39m\n            \u001b[33mclass\u001b[39m=\u001b[32m\"space-y-2\"\u001b[39m\n          \u001b[36m>\u001b[39m\n            \u001b[36m<label\u001b[39m\n              \u001b[33mclass\u001b[39m=\u001b[32m\"form-label\"\u001b[39m\n            \u001b[36m>\u001b[39m\n              \u001b[0mUpload PDF *\u001b[0m\n            \u001b[36m</label>\u001b[39m\n            \u001b[36m<div\u001b[39m\n              \u001b[33mclass\u001b[39m=\u001b[32m\"upload-dropzone  border-2 border-dashed border-[#8B7355]\"\u001b[39m\n            \u001b[36m>\u001b[39m\n              \u001b[36m<div\u001b[39m\n                \u001b[33mclass\u001b[39m=\u001b[32m\"flex flex-col items-center\"\u001b[39m\n              \u001b[36m>\u001b[39m\n                \u001b[36m<svg\u001b[39m\n                  \u001b[33maria-hidden\u001b[39m=\u001b[32m\"true\"\u001b[39m\n                  \u001b[33mclass\u001b[39m=\u001b[32m\"lucide lucide-upload upload-dropzone-icon\"\u001b[39m\n                  \u001b[33mfill\u001b[39m=\u001b[32m\"none\"\u001b[39m\n                  \u001b[33mheight\u001b[39m=\u001b[32m\"24\"\u001b[39m\n                  \u001b[33mstroke\u001b[39m=\u001b[32m\"currentColor\"\u001b[39m\n                  \u001b[33mstroke-linecap\u001b[39m=\u001b[32m\"round\"\u001b[39m\n                  \u001b[33mstroke-linejoin\u001b[39m=\u001b[32m\"round\"\u001b[39m\n                  \u001b[33mstroke-width\u001b[39m=\u001b[32m\"2\"\u001b[39m\n                  \u001b[33mviewBox\u001b[39m=\u001b[32m\"0 0 24 24\"\u001b[39m\n                  \u001b[33mwidth\u001b[39m=\u001b[32m\"24\"\u001b[39m\n                  \u001b[33mxmlns\u001b[39m=\u001b[32m\"http://www.w3.org/2000/svg\"\u001b[39m\n                \u001b[36m>\u001b[39m\n                  \u001b[36m<path\u001b[39m\n                    \u001b[33md\u001b[39m=\u001b[32m\"M12 3v12\"\u001b[39m\n                  \u001b[36m/>\u001b[39m\n                  \u001b[36m<path\u001b[39m\n                    \u001b[33md\u001b[39m=\u001b[32m\"m17 8-5-5-5 5\"\u001b[39m\n                  \u001b[36m/>\u001b[39m\n                  \u001b[36m<path\u001b[39m\n                    \u001b[33md\u001b[39m=\u001b[32m\"M21 15v4a2 2 0 0 1-2 2H5a2 2 0 0 1-2-2v-4\"\u001b[39m\n                  \u001b[36m/>\u001b[39m\n                \u001b[36m</svg>\u001b[39m\n                \u001b[36m<p\u001b[39m\n                  \u001b[33mclass\u001b[39m=\u001b[32m\"upload-dropzone-text\"\u001b[39m\n                \u001b[36m>\u001b[39m\n                  \u001b[0mClick to upload PDF\u001b[0m\n                \u001b[36m</p>\u001b[39m\n                \u001b[36m<p\u001b[39m\n                  \u001b[33mclass\u001b[39m=\u001b[32m\"upload-dropzone-hint\"\u001b[39m\n                \u001b[36m>\u001b[39m\n                  \u001b[0mPDF file (max 50MB)\u001b[0m\n                \u001b[36m</p>\u001b[39m\n              \u001b[36m</div>\u001b[39m\n            \u001b[36m</div>\u001b[39m\n            \u001b[36m<input\u001b[39m\n              \u001b[33maccept\u001b[39m=\u001b[32m\".pdf,application/pdf\"\u001b[39m\n              \u001b[33mclass\u001b[39m=\u001b[32m\"hidden\"\u001b[39m\n              \u001b[33mtype\u001b[39m=\u001b[32m\"file\"\u001b[39m\n            \u001b[36m/>\u001b[39m\n            \u001b[36m<p\u001b[39m\n              \u001b[33mclass\u001b[39m=\u001b[32m\"text-red-500 text-sm\"\u001b[39m\n            \u001b[36m>\u001b[39m\n              \u001b[0mInvalid input\u001b[0m\n            \u001b[36m</p>\u001b[39m\n          \u001b[36m</div>\u001b[39m\n          \u001b[36m<div\u001b[39m\n            \u001b[33mclass\u001b[39m=\u001b[32m\"space-y-2\"\u001b[39m\n          \u001b[36m>\u001b[39m\n            \u001b[36m<label\u001b[39m\n              \u001b[33mclass\u001b[39m=\u001b[32m\"form-label\"\u001b[39m\n            \u001b[36m>\u001b[39m\n              \u001b[0mCover Image (Optional)\u001b[0m\n            \u001b[36m</label>\u001b[39m\n            \u001b[36m<div\u001b[39m\n              \u001b[33mclass\u001b[39m=\u001b[32m\"upload-dropzone  border-2 border-dashed border-[#8B7355]\"\u001b[39m\n            \u001b[36m>\u001b[39m\n              \u001b[36m<div\u001b[39m\n                \u001b[33mclass\u001b[39m=\u001b[32m\"flex flex-col items-center\"\u001b[39m\n              \u001b[36m>\u001b[39m\n                \u001b[36m<svg\u001b[39m\n                  \u001b[33maria-hidden\u001b[39m=\u001b[32m\"true\"\u001b[39m\n                  \u001b[33mclass\u001b[39m=\u001b[32m\"lucide lucide-upload upload-dropzone-icon\"\u001b[39m\n                  \u001b[33mfill\u001b[39m=\u001b[32m\"none\"\u001b[39m\n                  \u001b[33mheight\u001b[39m=\u001b[32m\"24\"\u001b[39m\n                  \u001b[33mstroke\u001b[39m=\u001b[32m\"currentColor\"\u001b[39m\n                  \u001b[33mstroke-linecap\u001b[39m=\u001b[32m\"round\"\u001b[39m\n                  \u001b[33mstroke-linejoin\u001b[39m=\u001b[32m\"round\"\u001b[39m\n                  \u001b[33mstroke-width\u001b[39m=\u001b[32m\"2\"\u001b[39m\n                  \u001b[33mviewBox\u001b[39m=\u001b[32m\"0 0 24 24\"\u001b[39m\n                  \u001b[33mwidth\u001b[39m=\u001b[32m\"24\"\u001b[39m\n                  \u001b[33mxmlns\u001b[39m=\u001b[32m\"http://www.w3.org/2000/svg\"\u001b[39m\n                \u001b[36m>\u001b[39m\n                  \u001b[36m<path\u001b[39m\n                    \u001b[33md\u001b[39m=\u001b[32m\"M12 3v12\"\u001b[39m\n                  \u001b[36m/>\u001b[39m\n                  \u001b[36m<path\u001b[39m\n                    \u001b[33md\u001b[39m=\u001b[32m\"m17 8-5-5-5 5\"\u001b[39m\n                  \u001b[36m/>\u001b[39m\n                  \u001b[36m<path\u001b[39m\n                    \u001b[33md\u001b[39m=\u001b[32m\"M21 15v4a2 2 0 0 1-2 2H5a2 2 0 0 1-2-2v-4\"\u001b[39m\n                  \u001b[36m/>\u001b[39m\n                \u001b[36m</svg>\u001b[39m\n                \u001b[36m<p\u001b[39m\n                  \u001b[33mclass\u001b[39m=\u001b[32m\"upload-dropzone-text\"\u001b[39m\n                \u001b[36m>\u001b[39m\n                  \u001b[0mClick to upload cover image\u001b[0m\n                \u001b[36m</p>\u001b[39m\n                \u001b[36m<p\u001b[39m\n                  \u001b[33mclass\u001b[39m=\u001b[32m\"upload-dropzone-hint\"\u001b[39m\n                \u001b[36m>\u001b[39m\n                  \u001b[0mLeave empty to auto-generate from PDF\u001b[0m\n                \u001b[36m</p>\u001b[39m\n              \u001b[36m</div>\u001b[39m\n            \u001b[36m</div>\u001b[39m\n            \u001b[36m<input\u001b[39m\n              \u001b[33maccept\u001b[39m=\u001b[32m\"image/jpeg,image/jpg,image/png,image/webp\"\u001b[39m\n              \u001b[33mclass\u001b[39m=\u001b[32m\"hidden\"\u001b[39m\n              \u001b[33mtype\u001b[39m=\u001b[32m\"file\"\u001b[39m\n            \u001b[36m/>\u001b[39m\n          \u001b[36m</div>\u001b[39m\n          \u001b[36m<div\u001b[39m\n            \u001b[33mclass\u001b[39m=\u001b[32m\"space-y-2\"\u001b[39m\n          \u001b[36m>\u001b[39m\n            \u001b[36m<label\u001b[39m\n              \u001b[33mclass\u001b[39m=\u001b[32m\"form-label\"\u001b[39m\n            \u001b[36m>\u001b[39m\n              \u001b[0mTitle *\u001b[0m\n            \u001b[36m</label>\u001b[39m\n            \u001b[36m<input\u001b[39m\n              \u001b[33mclass\u001b[39m=\u001b[32m\"form-input border border-[#8B7355]\"\u001b[39m\n              \u001b[33mname\u001b[39m=\u001b[32m\"title\"\u001b[39m\n              \u001b[33mplaceholder\u001b[39m=\u001b[32m\"ex: Rich Dad Poor Dad\"\u001b[39m\n              \u001b[33mtype\u001b[39m=\u001b[32m\"text\"\u001b[39m\n            \u001b[36m/>\u001b[39m\n            \u001b[36m<p\u001b[39m\n              \u001b[33mclass\u001b[39m=\u001b[32m\"text-red-500 text-sm\"\u001b[39m\n            \u001b[36m>\u001b[39m\n              \u001b[0mTitle is required\u001b[0m\n            \u001b[36m</p>\u001b[39m\n          \u001b[36m</div>\u001b[39m\n          \u001b[36m<div\u001b[39m\n            \u001b[33mclass\u001b[39m=\u001b[32m\"space-y-2\"\u001b[39m\n          \u001b[36m>\u001b[39m\n            \u001b[36m<label\u001b[39m\n              \u001b[33mclass\u001b[39m=\u001b[32m\"form-label\"\u001b[39m\n            \u001b[36m>\u001b[39m\n              \u001b[0mAuthor Name *\u001b[0m\n            \u001b[36m</label>\u001b[39m\n            \u001b[36m<input\u001b[39m\n              \u001b[33mclass\u001b[39m=\u001b[32m\"form-input border border-[#8B7355]\"\u001b[39m\n              \u001b[33mname\u001b[39m=\u001b[32m\"author\"\u001b[39m\n              \u001b[33mplaceholder\u001b[39m=\u001b[32m\"ex: Robert Kiyosaki\"\u001b[39m\n              \u001b[33mtype\u001b[39m=\u001b[32m\"text\"\u001b[39m\n            \u001b[36m/>\u001b[39m\n            \u001b[36m<p\u001b[39m\n              \u001b[33mclass\u001b[39m=\u001b[32m\"text-red-500 text-sm\"\u001b[39m\n            \u001b[36m>\u001b[39m\n              \u001b[0mAuthor name is required\u001b[0m\n            \u001b[36m</p>\u001b[39m\n          \u001b[36m</div>\u001b[39m\n          \u001b[36m<div\u001b[39m\n            \u001b[33mclass\u001b[39m=\u001b[32m\"space-y-4\"\u001b[39m\n          \u001b[36m>\u001b[39m\n            \u001b[36m<label\u001b[39m\n              \u001b[33mclass\u001b[39m=\u001b[32m\"form-label\"\u001b[39m\n            \u001b[36m>\u001b[39m\n              \u001b[0mChoose Assistant Voice *\u001b[0m\n            \u001b[36m</label>\u001b[39m\n            \u001b[36m<div\u001b[39m\n              \u001b[33mclass\u001b[39m=\u001b[32m\"space-y-2\"\u001b[39m\n            \u001b[36m>\u001b[39m\n              \u001b[36m<h3\u001b[39m\n                \u001b[33mclass\u001b[39m=\u001b[32m\"text-sm font-semibold text-[#212a3b]\"\u001b[39m\n              \u001b[36m>\u001b[39m\n                \u001b[0mMale Voices\u001b[0m\n              \u001b[36m</h3>\u001b[39m\n              \u001b[36m<div\u001b[39m\n                \u001b[33mclass\u001b[39m=\u001b[32m\"voice-selector-options\"\u001b[39m\n              \u001b[36m>\u001b[39m\n                \u001b[36m<label\u001b[39m\n                  \u001b[33mclass\u001b[39m=\u001b[32m\"voice-selector-option voice-selector-option-default\"\u001b[39m\n                \u001b[36m>\u001b[39m\n                  \u001b[36m<input\u001b[39m\n                    \u001b[33mclass\u001b[39m=\u001b[32m\"hidden\"\u001b[39m\n                    \u001b[33mname\u001b[39m=\u001b[32m\"voiceId\"\u001b[39m\n                    \u001b[33mtype\u001b[39m=\u001b[32m\"radio\"\u001b[39m\n                    \u001b[33mvalue\u001b[39m=\u001b[32m\"dave\"\u001b[39m\n                  \u001b[36m/>\u001b[39m\n                  \u001b[36m<div\u001b[39m\n                    \u001b[33mclass\u001b[39m=\u001b[32m\"flex-1 text-center\"\u001b[39m\n                  \u001b[36m>\u001b[39m\n                    \u001b[36m<p\u001b[39m\n                      \u001b[33mclass\u001b[39m=\u001b[32m\"font-semibold text-[#212a3b]\"\u001b[39m\n                    \u001b[36m>\u001b[39m\n                      \u001b[0mDave\u001b[0m\n                    \u001b[36m</p>\u001b[39m\n                    \u001b[36m<p\u001b[39m\n                      \u001b[33mclass\u001b[39m=\u001b[32m\"text-sm text-[#3d485e]\"\u001b[39m\n                    \u001b[36m>\u001b[39m\n                      \u001b[0mNatural, warm male voice\u001b[0m\n                    \u001b[36m</p>\u001b[39m\n                  \u001b[36m</div>\u001b[39m\n                \u001b[36m</label>\u001b[39m\n                \u001b[36m<label\u001b[39m\n                  \u001b[33mclass\u001b[39m=\u001b[32m\"voice-selector-option voice-selector-option-default\"\u001b[39m\n                \u001b[36m>\u001b[39m\n                  \u001b[36m<input\u001b[39m\n                    \u001b[33mclass\u001b[39m=\u001b[32m\"hidden\"\u001b[39m\n                    \u001b[33mname\u001b[39m=\u001b[32m\"voiceId\"\u001b[39m\n                    \u001b[33mtype\u001b[39m=\u001b[32m\"radio\"\u001b[39m\n                    \u001b[33mvalue\u001b[39m=\u001b[32m\"daniel\"\u001b[39m\n                  \u001b[36m/>\u001b[39m\n                  \u001b[36m<div\u001b[39m\n                    \u001b[33mclass\u001b[39m=\u001b[32m\"flex-1 text-center\"\u001b[39m\n                  \u001b[36m>\u001b[39m\n                    \u001b[36m<p\u001b[39m\n                      \u001b[33mclass\u001b[39m=\u001b[32m\"font-semibold text-[#212a3b]\"\u001b[39m\n                    \u001b[36m>\u001b[39m\n                      \u001b[0mDaniel\u001b[0m\n                    \u001b[36m</p>\u001b[39m\n                    \u001b[36m<p\u001b[39m\n                      \u001b[33mclass\u001b[39m=\u001b[32m\"text-sm text-[#3d485e]\"\u001b[39m\n                    \u001b[36m>\u001b[39m\n                      \u001b[0mClear, professional male voice\u001b[0m\n                    \u001b[36m</p>\u001b[39m\n                  \u001b[36m</div>\u001b[39m\n                \u001b[36m</label>\u001b[39m\n                \u001b[36m<label\u001b[39m\n                  \u001b[33mclass\u001b[39m=\u001b[32m\"voice-selector-option voice-selector-option-default\"\u001b[39m\n                \u001b[36m>\u001b[39m\n                  \u001b[36m<input\u001b[39m\n                    \u001b[33mclass\u001b[39m=\u001b[32m\"hidden\"\u001b[39m\n                    \u001b[33mname\u001b[39m=\u001b[32m\"voiceId\"\u001b[39m\n                    \u001b[33mtype\u001b[39m=\u001b[32m\"radio\"\u001b[39m\n                    \u001b[33mvalue\u001b[39m=\u001b[32m\"chris\"\u001b[39m\n                  \u001b[36m/>\u001b[39m\n                  \u001b[36m<div\u001b[39m\n                    \u001b[33mclass\u001b[39m=\u001b[32m\"flex-1 text-center\"\u001b[39m\n                  \u001b[36m>\u001b[39m\n                    \u001b[36m<p\u001b[39m\n                      \u001b[33mclass\u001b[39m=\u001b[32m\"font-semibold text-[#212a3b]\"\u001b[39m\n                    \u001b[36m>\u001b[39m\n                      \u001b[0mChris\u001b[0m\n                    \u001b[36m</p>\u001b[39m\n                    \u001b[36m<p\u001b[39m\n                      \u001b[33mclass\u001b[39m=\u001b[32m\"text-sm text-[#3d485e]\"\u001b[39m\n                    \u001b[36m>\u001b[39m\n                      \u001b[0mFriendly, engaging male voice\u001b[0m\n                    \u001b[36m</p>\u001b[39m\n                  \u001b[36m</div>\u001b[39m\n                \u001b[36m</label>\u001b[39m\n              \u001b[36m</div>\u001b[39m\n            \u001b[36m</div>\u001b[39m\n            \u001b[36m<div\u001b[39m\n              \u001b[33mclass\u001b[39m=\u001b[32m\"space-y-2\"\u001b[39m\n            \u001b[36m>\u001b[39m\n              \u001b[36m<h3\u001b[39m\n                \u001b[33mclass\u001b[39m=\u001b[32m\"text-sm font-semibold text-[#212a3b]\"\u001b[39m\n              \u001b[36m>\u001b[39m\n                \u001b[0mFemale Voices\u001b[0m\n              \u001b[36m</h3>\u001b[39m\n              \u001b[36m<div\u001b[39m\n                \u001b[33mclass\u001b[39m=\u001b[32m\"voice-selector-options\"\u001b[39m\n              \u001b[36m>\u001b[39m\n                \u001b[36m<label\u001b[39m\n                  \u001b[33mclass\u001b[39m=\u001b[32m\"voice-selector-option voice-selector-option-default\"\u001b[39m\n                \u001b[36m>\u001b[39m\n                  \u001b[36m<input\u001b[39m\n                    \u001b[33mclass\u001b[39m=\u001b[32m\"hidden\"\u001b[39m\n                    \u001b[33mname\u001b[39m=\u001b[32m\"voiceId\"\u001b[39m\n                    \u001b[33mtype\u001b[39m=\u001b[32m\"radio\"\u001b[39m\n                    \u001b[33mvalue\u001b[39m=\u001b[32m\"rachel\"\u001b[39m\n                  \u001b[36m/>\u001b[39m\n                  \u001b[36m<div\u001b[39m\n                    \u001b[33mclass\u001b[39m=\u001b[32m\"flex-1 text-center\"\u001b[39m\n                  \u001b[36m>\u001b[39m\n                    \u001b[36m<p\u001b[39m\n                      \u001b[33mclass\u001b[39m=\u001b[32m\"font-semibold text-[#212a3b]\"\u001b[39m\n                    \u001b[36m>\u001b[39m\n                      \u001b[0mRachel\u001b[0m\n                    \u001b[36m</p>\u001b[39m\n                    \u001b[36m<p\u001b[39m\n                      \u001b[33mclass\u001b[39m=\u001b[32m\"text-sm text-[#3d485e]\"\u001b[39m\n                    \u001b[36m>\u001b[39m\n                      \u001b[0mEngaging, expressive female voice\u001b[0m\n                    \u001b[36m</p>\u001b[39m\n                  \u001b[36m</div>\u001b[39m\n                \u001b[36m</label>\u001b[39m\n                \u001b[36m<label\u001b[39m\n                  \u001b[33mclass\u001b[39m=\u001b[32m\"voice-selector-option voice-selector-option-default\"\u001b[39m\n                \u001b[36m>\u001b[39m\n                  \u001b[36m<input\u001b[39m\n                    \u001b[33mclass\u001b[39m=\u001b[32m\"hidden\"\u001b[39m\n                    \u001b[33mname\u001b[39m=\u001b[32m\"voiceId\"\u001b[39m\n                    \u001b[33mtype\u001b[39m=\u001b[32m\"radio\"\u001b[39m\n                    \u001b[33mvalue\u001b[39m=\u001b[32m\"sarah\"\u001b[39m\n                  \u001b[36m/>\u001b[39m\n                  \u001b[36m<div\u001b[39m\n                    \u001b[33mclass\u001b[39m=\u001b[32m\"flex-1 text-center\"\u001b[39m\n                  \u001b[36m>\u001b[39m\n                    \u001b[36m<p\u001b[39m\n                      \u001b[33mclass\u001b[39m=\u001b[32m\"font-semibold text-[#212a3b]\"\u001b[39m\n                    \u001b[36m>\u001b[39m\n                      \u001b[0mSarah\u001b[0m\n                    \u001b[36m</p>\u001b[39m\n                    \u001b[36m<p\u001b[39m\n                      \u001b[33mclass\u001b[39m=\u001b[32m\"text-sm text-[#3d485e]\"\u001b[39m\n                    \u001b[36m>\u001b[39m\n                      \u001b[0mClear, confident female voice\u001b[0m\n                    \u001b[36m</p>\u001b[39m\n                  \u001b[36m</div>\u001b[39m\n                \u001b[36m</label>\u001b[39m\n              \u001b[36m</div>\u001b[39m\n            \u001b[36m</div>\u001b[39m\n            \u001b[36m<p\u001b[39m\n              \u001b[33mclass\u001b[39m=\u001b[32m\"text-red-500 text-sm\"\u001b[39m\n            \u001b[36m>\u001b[39m\n              \u001b[0mInvalid option: expected one of \"dave\"|\"daniel\"|\"chris\"|\"rachel\"|\"sarah\"\u001b[0m\n            \u001b[36m</p>\u001b[39m\n          \u001b[36m</div>\u001b[39m\n          \u001b[36m<button\u001b[39m\n            \u001b[33mclass\u001b[39m=\u001b[32m\"form-btn disabled:opacity-50 disabled:cursor-not-allowed\"\u001b[39m\n            \u001b[33mtype\u001b[39m=\u001b[32m\"submit\"\u001b[39m\n          \u001b[36m>\u001b[39m\n            \u001b[0mBegin Synthesis\u001b[0m\n          \u001b[36m</button>\u001b[39m\n        \u001b[36m</form>\u001b[39m\n      \u001b[36m</div>\u001b[39m\n    \u001b[36m</body>\u001b[39m\n\u001b[2m\u001b[22m\n\u001b[2m    \u001b[0m \u001b[90m 70 |\u001b[39m\u001b[22m\n\u001b[2m     \u001b[90m 71 |\u001b[39m     \u001b[90m// Zod validation runs asynchronously — expect an error message about PDF\u001b[39m\u001b[22m\n\u001b[2m    \u001b[31m\u001b[1m>\u001b[22m\u001b[2m\u001b[39m\u001b[90m 72 |\u001b[39m     \u001b[36mawait\u001b[39m waitFor(() \u001b[33m=>\u001b[39m {\u001b[22m\n\u001b[2m     \u001b[90m    |\u001b[39m                  \u001b[31m\u001b[1m^\u001b[22m\u001b[2m\u001b[39m\u001b[22m\n\u001b[2m     \u001b[90m 73 |\u001b[39m       expect(\u001b[22m\n\u001b[2m     \u001b[90m 74 |\u001b[39m         screen\u001b[33m.\u001b[39mgetByText(\u001b[35m/Only PDF files are accepted/i\u001b[39m)\u001b[33m,\u001b[39m\u001b[22m\n\u001b[2m     \u001b[90m 75 |\u001b[39m       )\u001b[33m.\u001b[39mtoBeInTheDocument()\u001b[33m;\u001b[39m\u001b[0m\u001b[22m\n\u001b[2m\u001b[22m\n\u001b[2m      \u001b[2mat waitForWrapper (\u001b[22m\u001b[2mnode_modules/@testing-library/dom/dist/wait-for.js\u001b[2m:163:27)\u001b[22m\u001b[2m\u001b[22m\n\u001b[2m      \u001b[2mat Object.<anonymous> (\u001b
[...]
9m\n            \u001b[36m</div>\u001b[39m\n            \u001b[36m<div\u001b[39m\n              \u001b[33mclass\u001b[39m=\u001b[32m\"space-y-2\"\u001b[39m\n            \u001b[36m>\u001b[39m\n              \u001b[36m<label\u001b[39m\n                \u001b[33mclass\u001b[39m=\u001b[32m\"form-label\"\u001b[39m\n              \u001b[36m>\u001b[39m\n                \u001b[0mAuthor Name *\u001b[0m\n              \u001b[36m</label>\u001b[39m\n              \u001b[36m<input\u001b[39m\n                \u001b[33mclass\u001b[39m=\u001b[32m\"form-input border border-[#8B7355]\"\u001b[39m\n                \u001b[33mname\u001b[39m=\u001b[32m\"author\"\u001b[39m\n                \u001b[33mplaceholder\u001b[39m=\u001b[32m\"ex: Robert Kiyosaki\"\u001b[39m\n                \u001b[33mtype\u001b[39m=\u001b[32m\"text\"\u001b[39m\n              \u001b[36m/>\u001b[39m\n            \u001b[36m</div>\u001b[39m\n            \u001b[36m<div\u001b[39m\n              \u001b[33mclass\u001b[39m=\u001b[32m\"space-y-4\"\u001b[39m\n            \u001b[36m>\u001b[39m\n              \u001b[36m<label\u001b[39m\n                \u001b[33mclass\u001b[39m=\u001b[32m\"form-label\"\u001b[39m\n              \u001b[36m>\u001b[39m\n                \u001b[0mChoose Assistant Voice *\u001b[0m\n              \u001b[36m</label>\u001b[39m\n              \u001b[36m<div\u001b[39m\n                \u001b[33mclass\u001b[39m=\u001b[32m\"space-y-2\"\u001b[39m\n              \u001b[36m>\u001b[39m\n                \u001b[36m<h3\u001b[39m\n                  \u001b[33mclass\u001b[39m=\u001b[32m\"text-sm font-semibold text-[#212a3b]\"\u001b[39m\n                \u001b[36m>\u001b[39m\n                  \u001b[0mMale Voices\u001b[0m\n                \u001b[36m</h3>\u001b[39m\n                \u001b[36m<div\u001b[39m\n                  \u001b[33mclass\u001b[39m=\u001b[32m\"voice-selector-options\"\u001b[39m\n                \u001b[36m>\u001b[39m\n                  \u001b[36m<label\u001b[39m\n                    \u001b[33mclass\u001b[39m=\u001b[32m\"voice-selector-option voice-selector-option-default\"\u001b[39m\n                  \u001b[36m>\u001b[39m\n                    \u001b[36m<input\u001b[39m\n                      \u001b[33mclass\u001b[39m=\u001b[32m\"hidden\"\u001b[39m\n                      \u001b[33mname\u001b[39m=\u001b[32m\"voiceId\"\u001b[39m\n                      \u001b[33mtype\u001b[39m=\u001b[32m\"radio\"\u001b[39m\n                      \u001b[33mvalue\u001b[39m=\u001b[32m\"dave\"\u001b[39m\n                    \u001b[36m/>\u001b[39m\n                    \u001b[36m<div\u001b[39m\n                      \u001b[33mclass\u001b[39m=\u001b[32m\"flex-1 text-center\"\u001b[39m\n                    \u001b[36m>\u001b[39m\n                      \u001b[36m<p\u001b[39m\n                        \u001b[33mclass\u001b[39m=\u001b[32m\"font-semibold text-[#212a3b]\"\u001b[39m\n                      \u001b[36m>\u001b[39m\n                        \u001b[0mDave\u001b[0m\n                      \u001b[36m</p>\u001b[39m\n                      \u001b[36m<p\u001b[39m\n                        \u001b[33mclass\u001b[39m=\u001b[32m\"text-sm text-[#3d485e]\"\u001b[39m\n                      \u001b[36m>\u001b[39m\n                        \u001b[0mNatural, warm male voice\u001b[0m\n                      \u001b[36m</p>\u001b[39m\n                    \u001b[36m</div>\u001b[39m\n                  \u001b[36m</label>\u001b[39m\n                  \u001b[36m<label\u001b[39m\n                    \u001b[33mclass\u001b[39m=\u001b[32m\"voice-selector-option voice-selector-option-default\"\u001b[39m\n                  \u001b[36m>\u001b[39m\n                    \u001b[36m<input\u001b[39m\n                      \u001b[33mclass\u001b[39m=\u001b[32m\"hidden\"\u001b[39m\n                      \u001b[33mname\u001b[39m=\u001b[32m\"voiceId\"\u001b[39m\n                      \u001b[33mtype\u001b[39m=\u001b[32m\"radio\"\u001b[39m\n                      \u001b[33mvalue\u001b[39m=\u001b[32m\"daniel\"\u001b[39m\n                    \u001b[36m/>\u001b[39m\n                    \u001b[36m<div\u001b[39m\n                      \u001b[33mclass\u001b[39m=\u001b[32m\"flex-1 text-center\"\u001b[39m\n                    \u001b[36m>\u001b[39m\n                      \u001b[36m<p\u001b[39m\n                        \u001b[33mclass\u001b[39m=\u001b[32m\"font-semibold text-[#212a3b]\"\u001b[39m\n                      \u001b[36m>\u001b[39m\n                        \u001b[0mDaniel\u001b[0m\n                      \u001b[36m</p>\u001b[39m\n                      \u001b[36m<p\u001b[39m\n                        \u001b[33mclass\u001b[39m=\u001b[32m\"text-sm text-[#3d485e]\"\u001b[39m\n                      \u001b[36m>\u001b[39m\n                        \u001b[0mClear, professional male voice\u001b[0m\n                      \u001b[36m</p>\u001b[39m\n                    \u001b[36m</div>\u001b[39m\n                  \u001b[36m</label>\u001b[39m\n                  \u001b[36m<label\u001b[39m\n                    \u001b[33mclass\u001b[39m=\u001b[32m\"voice-selector-option voice-selector-option-default\"\u001b[39m\n                  \u001b[36m>\u001b[39m\n                    \u001b[36m<input\u001b[39m\n                      \u001b[33mclass\u001b[39m=\u001b[32m\"hidden\"\u001b[39m\n                      \u001b[33mname\u001b[39m=\u001b[32m\"voiceId\"\u001b[39m\n                      \u001b[33mtype\u001b[39m=\u001b[32m\"radio\"\u001b[39m\n                      \u001b[33mvalue\u001b[39m=\u001b[32m\"chris\"\u001b[39m\n                    \u001b[36m/>\u001b[39m\n                    \u001b[36m<div\u001b[39m\n                      \u001b[33mclass\u001b[39m=\u001b[32m\"flex-1 text-center\"\u001b[39m\n                    \u001b[36m>\u001b[39m\n                      \u001b[36m<p\u001b[39m\n                        \u001b[33mclass\u001b[39m=\u001b[32m\"font-semibold text-[#212a3b]\"\u001b[39m\n                      \u001b[36m>\u001b[39m\n                        \u001b[0mChris\u001b[0m\n                      \u001b[36m</p>\u001b[39m\n                      \u001b[36m<p\u001b[39m\n                        \u001b[33mclass\u001b[39m=\u001b[32m\"text-sm text-[#3d485e]\"\u001b[39m\n                      \u001b[36m>\u001b[39m\n                        \u001b[0mFriendly, engaging male voice\u001b[0m\n                      \u001b[36m</p>\u001b[39m\n                    \u001b[36m</div>\u001b[39m\n                  \u001b[36m</label>\u001b[39m\n                \u001b[36m</div>\u001b[39m\n              \u001b[36m</div>\u001b[39m\n              \u001b[36m<div\u001b[39m\n                \u001b[33mclass\u001b[39m=\u001b[32m\"space-y-2\"\u001b[39m\n              \u001b[36m>\u001b[39m\n                \u001b[36m<h3\u001b[39m\n                  \u001b[33mclass\u001b[39m=\u001b[32m\"text-sm font-semibold text-[#212a3b]\"\u001b[39m\n                \u001b[36m>\u001b[39m\n                  \u001b[0mFemale Voices\u001b[0m\n                \u001b[36m</h3>\u001b[39m\n                \u001b[36m<div\u001b[39m\n                  \u001b[33mclass\u001b[39m=\u001b[32m\"voice-selector-options\"\u001b[39m\n                \u001b[36m>\u001b[39m\n                  \u001b[36m<label\u001b[39m\n                    \u001b[33mclass\u001b[39m=\u001b[32m\"voice-selector-option voice-selector-option-default\"\u001b[39m\n                  \u001b[36m>\u001b[39m\n                    \u001b[36m<input\u001b[39m\n                      \u001b[33mclass\u001b[39m=\u001b[32m\"hidden\"\u001b[39m\n                      \u001b[33mname\u001b[39m=\u001b[32m\"voiceId\"\u001b[39m\n                      \u001b[33mtype\u001b[39m=\u001b[32m\"radio\"\u001b[39m\n                      \u001b[33mvalue\u001b[39m=\u001b[32m\"rachel\"\u001b[39m\n                    \u001b[36m/>\u001b[39m\n                    \u001b[36m<div\u001b[39m\n                      \u001b[33mclass\u001b[39m=\u001b[32m\"flex-1 text-center\"\u001b[39m\n                    \u001b[36m>\u001b[39m\n                      \u001b[36m<p\u001b[39m\n                        \u001b[33mclass\u001b[39m=\u001b[32m\"font-semibold text-[#212a3b]\"\u001b[39m\n                      \u001b[36m>\u001b[39m\n                        \u001b[0mRachel\u001b[0m\n                      \u001b[36m</p>\u001b[39m\n                      \u001b[36m<p\u001b[39m\n                        \u001b[33mclass\u001b[39m=\u001b[32m\"text-sm text-[#3d485e]\"\u001b[39m\n                      \u001b[36m>\u001b[39m\n                        \u001b[0mEngaging, expressive female voice\u001b[0m\n                      \u001b[36m</p>\u001b[39m\n                    \u001b[36m</div>\u001b[39m\n                  \u001b[36m</label>\u001b[39m\n                  \u001b[36m<label\u001b[39m\n                    \u001b[33mclass\u001b[39m=\u001b[32m\"voice-selector-option voice-selector-option-default\"\u001b[39m\n                  \u001b[36m>\u001b[39m\n                    \u001b[36m<input\u001b[39m\n                      \u001b[33mclass\u001b[39m=\u001b[32m\"hidden\"\u001b[39m\n                      \u001b[33mname\u001b[39m=\u001b[32m\"voiceId\"\u001b[39m\n                      \u001b[33mtype\u001b[39m=\u001b[32m\"radio\"\u001b[39m\n                      \u001b[33mvalue\u001b[39m=\u001b[32m\"sarah\"\u001b[39m\n                    \u001b[36m/>\u001b[39m\n                    \u001b[36m<div\u001b[39m\n                      \u001b[33mclass\u001b[39m=\u001b[32m\"flex-1 text-center\"\u001b[39m\n                    \u001b[36m>\u001b[39m\n                      \u001b[36m<p\u001b[39m\n                        \u001b[33mclass\u001b[39m=\u001b[32m\"font-semibold text-[#212a3b]\"\u001b[39m\n                      \u001b[36m>\u001b[39m\n                        \u001b[0mSarah\u001b[0m\n                      \u001b[36m</p>\u001b[39m\n                      \u001b[36m<p\u001b[39m\n                        \u001b[33mclass\u001b[39m=\u001b[32m\"text-sm text-[#3d485e]\"\u001b[39m\n                      \u001b[36m>\u001b[39m\n                        \u001b[0mClear, confident female voice\u001b[0m\n                      \u001b[36m</p>\u001b[39m\n                    \u001b[36m</div>\u001b[39m\n                  \u001b[36m</label>\u001b[39m\n                \u001b[36m</div>\u001b[39m\n              \u001b[36m</div>\u001b[39m\n              \u001b[36m<p\u001b[39m\n                \u001b[33mclass\u001b[39m=\u001b[32m\"text-red-500 text-sm\"\u001b[39m\n              \u001b[36m>\u001b[39m\n                \u001b[0mInvalid option: expected one of \"dave\"|\"daniel\"|\"chris\"|\"rachel\"|\"sarah\"\u001b[0m\n              \u001b[36m</p>\u001b[39m\n            \u001b[36m</div>\u001b[39m\n            \u001b[36m<button\u001b[39m\n              \u001b[33mclass\u001b[39m=\u001b[32m\"form-btn disabled:opacity-50 disabled:cursor-not-allowed\"\u001b[39m\n              \u001b[33mtype\u001b[39m=\u001b[32m\"submit\"\u001b[39m\n            \u001b[36m>\u001b[39m\n              \u001b[0mBegin Synthesis\u001b[0m\n            \u001b[36m</button>\u001b[39m\n          \u001b[36m</form>\u001b[39m\n        \u001b[36m</div>\u001b[39m\n      \u001b[36m</body>\u001b[39m\n    \u001b[36m</html>\u001b[39m\n\u001b[2m\u001b[22m\n\u001b[2m    \u001b[0m \u001b[90m 101 |\u001b[39m\u001b[22m\n\u001b[2m     \u001b[90m 102 |\u001b[39m     \u001b[36mawait\u001b[39m waitFor(() \u001b[33m=>\u001b[39m\u001b[22m\n\u001b[2m    \u001b[31m\u001b[1m>\u001b[22m\u001b[2m\u001b[39m\u001b[90m 103 |\u001b[39m       expect(require(\u001b[32m\"sonner\"\u001b[39m)\u001b[33m.\u001b[39mtoast\u001b[33m.\u001b[39merror)\u001b[33m.\u001b[39mtoHaveBeenCalled()\u001b[33m,\u001b[39m\u001b[22m\n\u001b[2m     \u001b[90m     |\u001b[39m                                             \u001b[31m\u001b[1m^\u001b[22m\u001b[2m\u001b[39m\u001b[22m\n\u001b[2m     \u001b[90m 104 |\u001b[39m     )\u001b[33m;\u001b[39m\u001b[22m\n\u001b[2m     \u001b[90m 105 |\u001b[39m   })\u001b[33m;\u001b[39m\u001b[22m\n\u001b[2m     \u001b[90m 106 |\u001b[39m })\u001b[33m;\u001b[39m\u001b[0m\u001b[22m\n\u001b[2m\u001b[22m\n\u001b[2m      \u001b[2mat \u001b[22m\u001b[2m\u001b[0m\u001b[36mtests/uploadForm.edge.test.tsx\u001b[39m\u001b[0m\u001b[2m:103:45\u001b[22m\u001b[2m\u001b[22m\n\u001b[2m      \u001b[2mat runWithExpensiveErrorDiagnosticsDisabled (\u001b[22m\u001b[2mnode_modules/@testing-library/dom/dist/config.js\u001b[2m:47:12)\u001b[22m\u001b[2m\u001b[22m\n\u001b[2m      \u001b[2mat checkCallback (\u001b[22m\u001b[2mnode_modules/@testing-library/dom/dist/wait-for.js\u001b[2m:124:77)\u001b[22m\u001b[2m\u001b[22m\n\u001b[2m      \u001b[2mat checkRealTimersCallback (\u001b[22m\u001b[2mnode_modules/@testing-library/dom/dist/wait-for.js\u001b[2m:118:16)\u001b[22m\u001b[2m\u001b[22m\n\u001b[2m      \u001b[2mat Timeout.task [as _onTimeout] (\u001b[22m\u001b[2mnode_modules/jsdom/lib/jsdom/browser/Window.js\u001b[2m:520:19)\u001b[22m\u001b[2m\u001b[22m\n","name":"C:\\Users\\M Anas\\Desktop\\Video Downloader\\ai-book-assistant\\tests\\uploadForm.edge.test.tsx","startTime":1783262292742,"status":"failed","summary":""},{"assertionResults":[],"coverage":{},"endTime":1783262299584,"message":"  \u001b[1m● \u001b[22mTest suite failed to run\n\n    \u001b[1m\u001b[31mJest encountered an unexpected token\u001b[39m\u001b[22m\n\n    Jest failed to parse a file. This happens e.g. when your code or its dependencies use non-standard JavaScript syntax, or when Jest is not configured to support such syntax.\n\n    Out of the box Jest supports Babel, which will be used to transform your files into valid JS based on your Babel configuration.\n\n    By default \"node_modules\" folder is ignored by transformers.\n\n    Here's what you can do:\n     • If you are trying to use ECMAScript Modules, see \u001b[4mhttps://jestjs.io/docs/ecmascript-modules\u001b[24m for how to enable it.\n     • If you are trying to use TypeScript, see \u001b[4mhttps://jestjs.io/docs/getting-started#using-typescript\u001b[24m\n     • To have some of your \"node_modules\" files transformed, you can specify a custom \u001b[1m\"transformIgnorePatterns\"\u001b[22m in your config.\n     • If you need a custom transformation specify a \u001b[1m\"transform\"\u001b[22m option in your config.\n     • If you simply want to mock your non-JS modules (e.g. binary assets) you can stub them out with the \u001b[1m\"moduleNameMapper\"\u001b[22m config option.\n\n    You'll find more details and examples of these config options in the docs:\n    \u001b[36mhttps://jestjs.io/docs/configuration\u001b[39m\n    For information about custom transformations, see:\n    \u001b[36mhttps://jestjs.io/docs/code-transformation\u001b[39m\n\n    \u001b[1m\u001b[31mDetails:\u001b[39m\u001b[22m\n\n    C:\\Users\\M Anas\\Desktop\\Video Downloader\\ai-book-assistant\\lib\\utils.ts:149\n                pdfjsLib.GlobalWorkerOptions.workerSrc = new URL(\"pdfjs-dist/build/pdf.worker.min.mjs\", import.meta.url).toString();\n                                                                                                               ^^^^\n\n    SyntaxError: Cannot use 'import.meta' outside a module\n\n    \u001b[0m \u001b[90m  8 |\u001b[39m \u001b[36mimport\u001b[39m { useAuth } \u001b[36mfrom\u001b[39m \u001b[32m\"@clerk/nextjs\"\u001b[39m\u001b[33m;\u001b[39m\n     \u001b[90m  9 |\u001b[39m \u001b[36mimport\u001b[39m { useCallback\u001b[33m,\u001b[39m useEffect\u001b[33m,\u001b[39m useRef\u001b[33m,\u001b[39m useState } \u001b[36mfrom\u001b[39m \u001b[32m\"react\"\u001b[39m\u001b[33m;\u001b[39m\n    \u001b[31m\u001b[1m>\u001b[22m\u001b[39m\u001b[90m 10 |\u001b[39m \u001b[36mimport\u001b[39m { getVoice } \u001b[36mfrom\u001b[39m \u001b[32m\"@/lib/utils\"\u001b[39m\u001b[33m;\u001b[39m\n     \u001b[90m    |\u001b[39m \u001b[31m\u001b[1m^\u001b[22m\u001b[39m\n     \u001b[90m 11 |\u001b[39m\n     \u001b[90m 12 |\u001b[39m \u001b[36mexport\u001b[39m type \u001b[33mCallStatus\u001b[39m \u001b[33m=\u001b[39m\n     \u001b[90m 13 |\u001b[39m   \u001b[33m|\u001b[39m \u001b[32m\"idle\"\u001b[39m\u001b[0m\n\n      \u001b[2mat Runtime.createScriptFromCode (\u001b[22mnode_modules/jest-runtime/build/index.js\u001b[2m:1505:14)\u001b[22m\n      \u001b[2mat Object.<anonymous> (\u001b[22mhooks/useVapi.tsx\u001b[2m:10:1)\u001b[22m\n      \u001b[2mat Object.<anonymous> (\u001b[22m\u001b[0m\u001b[36mtests/useVapi.test.tsx\u001b[39m\u001b[0m\u001b[2m:23:1)\u001b[22m\n","name":"C:\\Users\\M Anas\\Desktop\\Video Downloader\\ai-book-assistant\\tests\\useVapi.test.tsx","startTime":1783262299584,"status":"failed","summary":""},{"assertionResults":[],"coverage":{},"endTime":1783262299584,"message":"  \u001b[1m● \u001b[22mTest suite failed to run\n\n    \u001b[1m\u001b[31mJest encountered an unexpected token\u001b[39m\u001b[22m\n\n    Jest failed to parse a file. This happens e.g. when your code or its dependencies use non-standard JavaScript syntax, or when Jest is not configured to support such syntax.\n\n    Out of the box Jest supports Babel, which will be used to transform your files into valid JS based on your Babel configuration.\n\n    By default \"node_modules\" folder is ignored by transformers.\n\n    Here's what you can do:\n     • If you are trying to use ECMAScript Modules, see \u001b[4mhttps://jestjs.io/docs/ecmascript-modules\u001b[24m for how to enable it.\n     • If you are trying to use TypeScript, see \u001b[4mhttps://jestjs.io/docs/getting-started#using-typescript\u001b[24m\n     • To have some of your \"node_modules\" files transformed, you can specify a custom \u001b[1m\"transformIgnorePatterns\"\u001b[22m in your config.\n     • If you need a custom transformation specify a \u001b[1m\"transform\"\u001b[22m option in your config.\n     • If you simply want to mock your non-JS modules (e.g. binary assets) you can stub them out with the \u001b[1m\"moduleNameMapper\"\u001b[22m config option.\n\n    You'll find more details and examples of these config options in the docs:\n    \u001b[36mhttps://jestjs.io/docs/configuration\u001b[39m\n    For information about custom transformations, see:\n    \u001b[36mhttps://jestjs.io/docs/code-transformation\u001b[39m\n\n    \u001b[1m\u001b[31mDetails:\u001b[39m\u001b[22m\n\n    C:\\Users\\M Anas\\Desktop\\Video Downloader\\ai-book-assistant\\lib\\utils.ts:149\n                pdfjsLib.GlobalWorkerOptions.workerSrc = new URL(\"pdfjs-dist/build/pdf.worker.min.mjs\", import.meta.url).toString();\n                                                                                                               ^^^^\n\n    SyntaxError: Cannot use 'import.meta' outside a module\n\n    \u001b[0m \u001b[90m  8 |\u001b[39m \u001b[36mimport\u001b[39m { useAuth } \u001b[36mfrom\u001b[39m \u001b[32m\"@clerk/nextjs\"\u001b[39m\u001b[33m;\u001b[39m\n     \u001b[90m  9 |\u001b[39m \u001b[36mimport\u001b[39m { useCallback\u001b[33m,\u001b[39m useEffect\u001b[33m,\u001b[39m useRef\u001b[33m,\u001b[39m useState } \u001b[36mfrom\u001b[39m \u001b[32m\"react\"\u001b[39m\u001b[33m;\u001b[39m\n    \u001b[31m\u001b[1m>\u001b[22m\u001b[39m\u001b[90m 10 |\u001b[39m \u001b[36mimport\u001b[39m { getVoice } \u001b[36mfrom\u001b[39m \u001b[32m\"@/lib/utils\"\u001b[39m\u001b[33m;\u001b[39m\n     \u001b[90m    |\u001b[39m \u001b[31m\u001b[1m^\u001b[22m\u001b[39m\n     \u001b[90m 11 |\u001b[39m\n     \u001b[90m 12 |\u001b[39m \u001b[36mexport\u001b[39m type \u001b[33mCallStatus\u001b[39m \u001b[33m=\u001b[39m\n     \u001b[90m 13 |\u001b[39m   \u001b[33m|\u001b[39m \u001b[32m\"idle\"\u001b[39m\u001b[0m\n\n      \u001b[2mat Runtime.createScriptFromCode (\u001b[22mnode_modules/jest-runtime/build/index.js\u001b[2m:1505:14)\u001b[22m\n      \u001b[2mat Object.<anonymous> (\u001b[22mhooks/useVapi.tsx\u001b[2m:10:1)\u001b[22m\n      \u001b[2mat Object.<anonymous> (\u001b[22mcomponents/VapiControls.tsx\u001b[2m:2:1)\u001b[22m\n      \u001b[2mat Object.<anonymous> (\u001b[22m\u001b[0m\u001b[36mtests/integration.test.tsx\u001b[39m\u001b[0m\u001b[2m:18:1)\u001b[22m\n","name":"C:\\Users\\M Anas\\Desktop\\Video Downloader\\ai-book-assistant\\tests\\integration.test.tsx","startTime":1783262299584,"status":"failed","summary":""}],"wasInterrupted":false}
